0.0000000000e+00 -4.6684346200e+06 0.0000000000e+00 3.7973156538e+08 0.0000000000e+00 0.0000000000e+00 -1.2442353980e+01 0.0000000000e+00 1.0120639874e+03 -3.8063349866e+28 0.0000000000e+00 -1.4386206154e+16 6.0000000000e+01
5.0097585232e+04 -4.6268826029e+06 -6.2148144008e+05 3.7635171457e+08 5.0551445920e+07 1.6563779301e+00 -1.2331609170e+01 -1.3473016888e+02 1.0030559786e+03 -3.8063349866e+28 -2.1759673939e+08 -1.4386220594e+16 7.2000000000e+03
1.2209758523e+05 -4.4234255781e+06 -1.4925106214e+06 3.5980247251e+08 1.2140116357e+08 3.9778527474e+00 -1.1789353675e+01 -3.2355947436e+02 9.5894878963e+02 -3.8063349866e+28 1.2517893132e+08 -1.4386233760e+16 7.2000000000e+03
1.9409758523e+05 -4.0575808433e+06 -2.3087484702e+06 3.3004457608e+08 1.8779414139e+08 6.1532972117e+00 -1.0814300994e+01 -5.0051063672e+02 8.7963777609e+02 -3.8063349866e+28 7.1254464416e+08 -1.4386235511e+16 7.2000000000e+03
2.6609758523e+05 -3.5427788694e+06 -3.0402302016e+06 2.8817046292e+08 2.4729303677e+08 8.1028489088e+00 -9.4422461374e+00 -6.5908762848e+02 7.6803451264e+02 -3.8063349866e+28 -2.5135330158e+10 -1.4386240032e+16 7.2000000000e+03
3.3809758523e+05 -2.8979184742e+06 -3.6601024999e+06 2.3571736730e+08 2.9771359473e+08 9.7549381401e+00 -7.7235584051e+00 -7.9346895359e+02 6.2823604987e+02 -3.8063349866e+28 3.8108581315e+09 -1.4386257796e+16 7.2000000000e+03
4.1009758523e+05 -2.1466730304e+06 -4.1456093267e+06 1.7461088691e+08 3.3720483374e+08 1.1048915307e+01 -5.7213322835e+00 -8.9872135945e+02 4.6537450807e+02 -3.8063349866e+28 3.6002921933e+09 -1.4386266976e+16 7.2000000000e+03
4.8209758523e+05 -1.3166213965e+06 -4.4789273139e+06 1.0709429255e+08 3.6431699689e+08 1.1937277407e+01 -3.5090711941e+00 -9.7098094085e+02 2.8542867279e+02 -3.8063349867e+28 3.2546667293e+10 -1.4386272791e+16 7.2000000000e+03
5.5409758523e+05 -4.3823547283e+05 -4.6478200751e+06 3.5646175746e+07 3.7805477364e+08 1.2387411915e+01 -1.1679891204e+00 -1.0075949872e+03 9.5004508482e+01 -3.8063349867e+28 2.9540855053e+10 -1.4386274808e+16 7.2000000000e+03
6.1979267016e+05 3.7810524393e+05 -4.6530976993e+06 -3.0755169398e+07 3.7848405682e+08 1.2401477887e+01 1.0077295092e+00 -1.0087391166e+03 -8.1968954552e+01 -3.8063349867e+28 2.2788629965e+10 -1.4386274262e+16 7.2000000000e+03
6.9179267016e+05 1.2586014292e+06 -4.4955760712e+06 -1.0237493538e+08 3.6567121067e+08 1.1981649825e+01 3.3544358713e+00 -9.7459020366e+02 -2.7285059980e+02 -3.8063349867e+28 1.9617998606e+10 -1.4386265809e+16 7.2000000000e+03
7.6379267016e+05 2.0928932868e+06 -4.1730180269e+06 -1.7023643052e+08 3.3943426377e+08 1.1121965220e+01 5.5779980433e+00 -9.0466325654e+02 -4.5371566779e+02 -3.8063349867e+28 4.5683827896e+10 -1.4386272316e+16 7.2000000000e+03
8.3579267016e+05 2.8503532540e+06 -3.6972649464e+06 -2.3184840170e+08 3.0073639673e+08 9.8539838255e+00 7.5967871693e+00 -8.0152535284e+02 -6.1792444824e+02 -3.8063349867e+28 4.8786726445e+10 -1.4386269728e+16 7.2000000000e+03
9.0779267016e+05 3.5031743320e+06 -3.0857821293e+06 -2.8494902112e+08 2.5099824112e+08 8.2242543143e+00 9.3366917856e+00 -6.6896277261e+02 -7.5944869733e+02 -3.8063349867e+28 8.0349103695e+10 -1.4386274679e+16 7.2000000000e+03
9.7979267016e+05 4.0273909045e+06 -2.3610176293e+06 -3.2758891994e+08 1.9204572689e+08 6.2926054415e+00 1.0733838516e+01 -5.1184200077e+02 -8.7309293966e+02 -3.8063349867e+28 8.2194136680e+10 -1.4386273210e+16 7.2000000000e+03
1.0517926702e+06 4.4037585359e+06 -1.5495781666e+06 -3.5820275125e+08 1.2604305089e+08 4.1299496778e+00 1.1736936916e+01 -3.3593107431e+02 -9.5468519857e+02 -3.8063349867e+28 7.7337017374e+10 -1.4386283336e+16 7.2000000000e+03
1.1237926702e+06 4.6184604507e+06 -6.8125237338e+05 -3.7566665530e+08 5.5413227427e+07 1.8156799534e+00 1.2309162393e+01 -1.4768783277e+02 -1.0012301529e+03 -3.8063349867e+28 7.2525428758e+10 -1.4386278264e+16 7.2000000000e+03
1.1884645801e+06 4.6668672087e+06 1.2096356038e+05 -3.7960407233e+08 -9.8392045720e+06 -3.2239317802e-01 1.2438176521e+01 2.6223536627e+01 -1.0117241923e+03 -3.8063349867e+28 7.2096593760e+10 -1.4386285163e+16 7.2000000000e+03
1.2604645801e+06 4.5581347687e+06 1.0088058053e+06 -3.7075975019e+08 -8.2056500786e+07 -2.6886783253e+00 1.2148381842e+01 2.1869772485e+02 -9.8815222523e+02 -3.8063349867e+28 6.8487043236e+10 -1.4386297904e+16 7.2000000000e+03
1.3324645801e+06 4.2820693294e+06 1.8596139322e+06 -3.4830452269e+08 -1.5126143316e+08 -4.9562598075e+00 1.1412609747e+01 4.0314333384e+02 -9.2830435065e+02 -3.8063349867e+28 6.8214461615e+10 -1.4386326503e+16 7.2000000000e+03
1.4044645801e+06 3.8488054877e+06 2.6421540519e+06 -3.1306274030e+08 -2.1491342983e+08 -7.0418927821e+00 1.0257871054e+01 5.7278920859e+02 -8.3437763486e+02 -3.8063349867e+28 6.7839959198e+10 -1.4386346862e+16 7.2000000000e+03
1.4764645801e+06 3.2742487272e+06 3.3276984520e+06 -2.6632815880e+08 -2.7067577195e+08 -8.8690118912e+00 8.7265572021e+00 7.2140750496e+02 -7.0982020737e+02 -3.8063349867e+28 6.2380492495e+10 -1.4386353275e+16 7.2000000000e+03
1.5484645801e+06 2.5794915146e+06 3.8910802152e+06 -2.0981644437e+08 -3.1650137656e+08 -1.0370542040e+01 6.8748840224e+00 8.4354231905e+02 -5.5920467714e+02 -3.8063349867e+28 6.0409049990e+10 -1.4386363790e+16 7.2000000000e+03
1.6204645801e+06 1.7900389774e+06 4.3116171184e+06 -1.4560219005e+08 -3.5070794681e+08 -1.1491360782e+01 4.7708280107e+00 9.3470997809e+02 -3.8806026824e+02 -3.8063349867e+28 4.9661330409e+10 -1.4386360551e+16 7.2000000000e+03
1.6924645801e+06 9.3487258871e+05 4.5738708948e+06 -7.6042755655e+07 -3.7203973043e+08 -1.2190321909e+01 2.4916308504e+00 9.9156363989e+02 -2.0266983728e+02 -3.8063349867e+28 6.1593547685e+10 -1.4386363713e+16 7.2000000000e+03
1.7633284600e+06 5.9521343810e+04 4.6680551554e+06 -4.8414803279e+06 -3.7970070026e+08 -1.2441342649e+01 1.5863682963e-01 1.0119817257e+03 -1.2903557081e+01 -3.8063349867e+28 6.8719789263e+10 -1.4386366507e+16 6.4018823766e+03
1.8282703726e+06 -7.4530446177e+05 4.6085575823e+06 6.0623239243e+07 -3.7486115374e+08 -1.2282769181e+01 -1.9863921550e+00 9.9908332265e+02 1.6157360304e+02 -3.8063349867e+28 5.7113383635e+10 -1.4386365983e+16 7.2000000000e+03
1.9002703726e+06 -1.6105658818e+06 4.3818214566e+06 1.3100380585e+08 -3.5641838417e+08 -1.1678470017e+01 -4.2924946834e+00 9.4992948710e+02 3.4915252295e+02 -3.8063349867e+28 4.3933585209e+10 -1.4386369848e+16 7.2000000000e+03
1.9722703726e+06 -2.4167020604e+06 3.9942249432e+06 1.9657511147e+08 -3.2489119299e+08 -1.0645444300e+01 -6.4410160859e+00 8.6590293322e+02 5.2391375716e+02 -3.8063349867e+28 5.8403897835e+10 -1.4386363605e+16 7.2000000000e+03
2.0442703726e+06 -3.1341190537e+06 3.4599970393e+06 2.5492997778e+08 -2.8143697015e+08 -9.2216152797e+00 -8.3530823169e+00 7.5008834718e+02 6.7944167232e+02 -3.8063349867e+28 6.5442664272e+10 -1.4386359051e+16 7.2000000000e+03
2.1162703726e+06 -3.7364798747e+06 2.7987497050e+06 3.0392614807e+08 -2.2765095708e+08 -7.4592529301e+00 -9.9584998010e+00 6.0673738080e+02 8.1002670658e+02 -3.8063349867e+28 7.9402398936e+10 -1.4386311637e+16 7.2000000000e+03
2.1882703726e+06 -4.2016713458e+06 2.0347578917e+06 3.4176493131e+08 -1.6550768402e+08 -5.4230550698e+00 -1.1198332299e+01 4.4111256983e+02 9.1087497240e+02 -3.8063349867e+28 6.6197327511e+10 -1.4386315771e+16 7.2000000000e+03
2.2602703726e+06 -4.5126158931e+06 1.1960683876e+06 3.6705723363e+08 -9.7288483294e+07 -3.1877722516e+00 -1.2027064506e+01 2.5929414174e+02 9.7828424430e+02 -3.8063349867e+28 5.9625004163e+10 -1.4386299603e+16 7.2000000000e+03
2.3322703726e+06 -4.6578984781e+06 3.1347019695e+05 3.7887455313e+08 -2.5497739713e+07 -8.3546360647e-01 -1.2414272960e+01 6.7956805473e+01 1.0097798707e+03 -3.8063349867e+28 5.8708303452e+10 -1.4386301856e+16 7.2000000000e+03
2.3960390872e+06 -4.6438080301e+06 -4.7888285109e+05 3.7772843279e+08 3.8952442825e+07 1.2763228718e+00 -1.2376718971e+01 -1.0381640140e+02 1.0067252204e+03 -3.8063349867e+28 5.7612142831e+10 -1.4386291981e+16 7.2000000000e+03
2.4680390872e+06 -4.4672366647e+06 -1.3557574993e+06 3.6336607656e+08 1.1027763212e+08 3.6133770799e+00 -1.1906119378e+01 -2.9391293818e+02 9.6844653924e+02 -3.8063349867e+28 6.1773179711e+10 -1.4386292232e+16 7.2000000000e+03
2.5400390872e+06 -4.1266692470e+06 -2.1828611383e+06 3.3566424302e+08 1.7755443587e+08 5.8177811463e+00 -1.0998436030e+01 -4.7321968136e+02 8.9461536304e+02 -3.8063349867e+28 5.4186857952e+10 -1.4386293754e+16 7.2000000000e+03
2.6120390872e+06 -3.6346082962e+06 -2.9298300910e+06 2.9563989001e+08 2.3831306546e+08 7.8086095253e+00 -9.6869907526e+00 -6.3515412810e+02 7.8794209698e+02 -3.8063349867e+28 4.5942303965e+10 -1.4386281496e+16 7.2000000000e+03
2.6840390872e+06 -3.0091177878e+06 -3.5692424928e+06 2.4476234552e+08 2.9032302000e+08 9.5127772162e+00 -8.0199278171e+00 -7.7377152731e+02 6.5234280727e+02 -3.8063349867e+28 1.0369608734e+10 -1.4386281667e+16 7.2000000000e+03
2.7560390872e+06 -2.2731600096e+06 -4.0776249713e+06 1.8489936743e+08 3.3167496988e+08 1.0867722775e+01 -6.0584465194e+00 -8.8398311652e+02 4.9279545900e+02 -3.8063349867e+28 1.6605687398e+09 -1.4386290313e+16 7.2000000000e+03
2.8280390872e+06 -1.4537525967e+06 -4.4363143737e+06 1.1824857651e+08 3.6085084989e+08 1.1823705001e+01 -3.8745545040e+00 -9.6174293469e+02 3.1515717084e+02 -3.8063349867e+28 4.0266357267e+09 -1.4386294967e+16 7.2000000000e+03
2.9000390872e+06 -5.8097669139e+05 -4.6321429076e+06 4.7256779904e+07 3.7677958870e+08 1.2345628973e+01 -1.5484243016e+00 -1.0041963528e+03 1.2594919524e+02 -3.8063349867e+28 1.3348032863e+09 -1.4386292593e+16 7.2000000000e+03
2.9638102688e+06 2.1090494337e+05 -4.6636681842e+06 -1.7155057781e+07 3.7934386208e+08 1.2429650424e+01 5.6210576246e-01 -1.0110306773e+03 -4.5721814598e+01 -3.8063349867e+28 1.6823683615e+10 -1.4386293629e+16 7.2000000000e+03
3.0358102688e+06 1.0964861577e+06 -4.5378408882e+06 -8.9188441217e+07 3.6910904033e+08 1.2094294381e+01 2.9223647899e+00 -9.8375273826e+02 -2.3770583682e+02 -3.8063349867e+28 1.5439924524e+10 -1.4386292497e+16 7.2000000000e+03
3.1078102688e+06 1.9418144337e+06 -4.2454255990e+06 -1.5794764122e+08 3.4532391218e+08 1.1314946519e+01 5.1753413237e+00 -9.2036040056e+02 -4.2096347588e+02 -3.8063349867e+28 -3.1108757046e+09 -1.4386281323e+16 7.2000000000e+03
3.1798102688e+06 2.7158570523e+06 -3.7971571302e+06 -2.2090844915e+08 3.0886164990e+08 1.0120217358e+01 7.2383266815e+00 -8.2318085079e+02 -5.8876718818e+02 -3.8063349867e+28 -2.5887023752e+10 -1.4386266188e+16 7.2000000000e+03
3.2518102688e+06 3.3901982515e+06 -3.2094917981e+06 -2.7575952027e+08 2.6106081410e+08 8.5539664228e+00 9.0355869187e+00 -6.9578163276e+02 -7.3495675691e+02 -3.8063349867e+28 -2.4280883850e+10 -1.4386271777e+16 7.2000000000e+03
3.3238102688e+06 3.9400823931e+06 -2.5040032962e+06 -3.2048722517e+08 2.0367621407e+08 6.6736921140e+00 1.0501143085e+01 -5.4283967999e+02 -8.5416543883e+02 -3.8063349867e+28 -2.1543988239e+10 -1.4386291288e+16 7.2000000000e+03
3.3958102688e+06 4.3453227632e+06 -1.7065907067e+06 -3.5344957181e+08 1.3881448722e+08 4.5484208988e+00 1.1581193369e+01 -3.6996962146e+02 -9.4201698194e+02 -3.8063349867e+28 -2.6389160860e+10 -1.4386281219e+16 7.2000000000e+03
3.4678102688e+06 4.5910426436e+06 -8.4652772302e+05 -3.7343648445e+08 6.8856762626e+07 2.2561732889e+00 1.2236088207e+01 -1.8351766387e+02 -9.9528628150e+02 -3.8063349867e+28 -2.8646207557e+10 -1.4386294065e+16 7.2000000000e+03
3.5353639805e+06 4.6684223279e+06 -1.0709591941e+04 -3.7973056609e+08 8.7112002464e+05 2.8543278422e-02 1.2442321239e+01 -2.3217169536e+00 -1.0120613246e+03 -3.8063349867e+28 -2.5755261777e+10 -1.4386310379e+16 4.5424951263e+03
3.6035809850e+06 4.5934118217e+06 8.3357636098e+05 -3.7362919394e+08 -6.7803297189e+07 -2.2216552470e+00 1.2242402562e+01 1.8070995826e+02 -9.9579989259e+02 -3.8063349867e+28 -2.2850803559e+10 -1.4386323819e+16 7.2000000000e+03
3.6755809850e+06 4.3501185281e+06 1.6943289205e+06 -3.5383966045e+08 -1.3781711205e+08 -4.5157407209e+00 1.1593975085e+01 3.6731140813e+02 -9.4305664970e+02 -3.8063349867e+28 -2.4773395969e+10 -1.4386322949e+16 7.2000000000e+03
3.7475809850e+06 3.9471286882e+06 2.4928812259e+06 -3.2106037247e+08 -2.0277154366e+08 -6.6440495170e+00 1.0519922934e+01 5.4042854421e+02 -8.5569299615e+02 -3.8063349867e+28 -3.0101333585e+10 -1.4386317274e+16 7.2000000000e+03
3.8195809850e+06 3.3992364013e+06 3.1999177437e+06 -2.7649468550e+08 -2.6028205966e+08 -8.5284496118e+00 9.0596754769e+00 6.9370608938e+02 -7.3691612589e+02 -3.8063349867e+28 -5.2107517773e+10 -1.4386302071e+16 7.2000000000e+03
3.8915809850e+06 2.7265552587e+06 3.7894825627e+06 -2.2177864376e+08 -3.0823740017e+08 -1.0099763077e+01 7.2668396375e+00 8.2151709475e+02 -5.9108643870e+02 -3.8063349867e+28 -3.4718672402e+10 -1.4386302826e+16 7.2000000000e+03
3.9635809850e+06 1.9537799564e+06 4.2399322577e+06 -1.5892091964e+08 -3.4487708390e+08 -1.1300305661e+01 5.2072319425e+00 9.1916950978e+02 -4.2355746629e+02 -3.8063349867e+28 -5.1626535456e+10 -1.4386303033e+16 7.2000000000e+03
4.0355809850e+06 1.1092797322e+06 4.5347304378e+06 -9.0229073565e+07 -3.6885603694e+08 -1.2086004425e+01 2.9564623399e+00 9.8307843134e+02 -2.4047933953e+02 -3.8063349867e+28 -6.0588169042e+10 -1.4386298904e+16 7.2000000000e+03
4.1075809850e+06 2.2405690672e+05 4.6630548113e+06 -1.8224841561e+07 -3.7929397156e+08 -1.2428015702e+01 5.9715849359e-01 1.0108977087e+03 -4.8573011960e+01 -3.8063349867e+28 -6.1438725984e+10 -1.4386298444e+16 7.2000000000e+03
4.1713517815e+06 -5.6790573420e+05 4.6337635625e+06 4.6193585184e+07 -3.7691141453e+08 -1.2349948402e+01 -1.5135874688e+00 1.0045476962e+03 1.2311555910e+02 -3.8063349867e+28 -5.0475797695e+10 -1.4386296937e+16 7.2000000000e+03
4.2433517815e+06 -1.4412306562e+06 4.4403981669e+06 1.1723003893e+08 -3.6118302797e+08 -1.1834589208e+01 -3.8411809155e+00 9.6262825867e+02 3.1244255534e+02 -3.8063349867e+28 -6.2516632867e+10 -1.4386303054e+16 7.2000000000e+03
4.3153517815e+06 -2.2616467768e+06 4.0840219826e+06 1.8396287838e+08 -3.3219530567e+08 -1.0884772193e+01 -6.0277613480e+00 8.8536992012e+02 4.9029951996e+02 -3.8063349867e+28 -5.6515937852e+10 -1.4386301602e+16 7.2000000000e+03
4.3873517815e+06 -2.9990359233e+06 3.5777178820e+06 2.4394228430e+08 -2.9101241153e+08 -9.5353659447e+00 -7.9930575414e+00 7.7560889978e+02 6.5015717274e+02 -3.8063349867e+28 -7.0822925850e+10 -1.4386286141e+16 7.2000000000e+03
4.4593517815e+06 -3.6263279138e+06 2.9400727186e+06 2.9496636177e+08 -2.3914620458e+08 -7.8359083137e+00 -9.6649218032e+00 6.3737461794e+02 7.8614700347e+02 -3.8063349867e+28 -7.1111299022e+10 -1.4386296121e+16 7.2000000000e+03
4.5313517815e+06 -4.1204943266e+06 2.1944949882e+06 3.3516197355e+08 -1.7850073733e+08 -5.8487878327e+00 -1.0981978576e+01 4.7574177250e+02 8.9327670994e+02 -3.8063349867e+28 -7.4775847412e+10 -1.4386288226e+16 7.2000000000e+03
4.6033517815e+06 -4.4633938928e+06 1.3683554823e+06 3.6305350460e+08 -1.1130235639e+08 -3.6469533827e+00 -1.1895877588e+01 2.9664404251e+02 9.6761346965e+02 -3.8063349867e+28 -6.9949994918e+10 -1.4386289150e+16 7.2000000000e+03
4.6753517815e+06 -4.6424384783e+06 4.9198248398e+05 3.7761703312e+08 -4.0017971419e+07 -1.3112361763e+00 -1.2373068829e+01 1.0665625776e+02 1.0064283170e+03 -3.8063349867e+28 -6.9549362257e+10 -1.4386256737e+16 7.2000000000e+03
4.7391225664e+06 -4.6587626753e+06 -3.0035336176e+05 3.7894484713e+08 2.4430811880e+07 8.0050445436e-01 -1.2416576226e+01 -6.5113219850e+01 1.0099672189e+03 -3.8063349867e+28 -6.8532467996e+10 -1.4386280088e+16 7.2000000000e+03
4.8111225664e+06 -4.5159658670e+06 -1.1833571371e+06 3.6732972129e+08 9.6254545812e+07 3.1538940674e+00 -1.2035992887e+01 -2.5653848230e+02 9.7901048090e+02 -3.8063349867e+28 -6.8871473003e+10 -1.4386254849e+16 7.2000000000e+03
4.8831225664e+06 -4.2073841161e+06 -2.0229188672e+06 3.4222960938e+08 1.6454469361e+08 5.3915015504e+00 -1.1213558026e+01 -4.3854599917e+02 9.1211343660e+02 -3.8063349867e+28 -8.1245965148e+10 -1.4386230799e+16 7.2000000000e+03
4.9551225664e+06 -3.7443457206e+06 -2.7882175279e+06 3.0456595782e+08 2.2679426594e+08 7.4311824321e+00 -9.9794639247e+00 -6.0445411992e+02 8.1173193331e+02 -3.8063349868e+28 -7.7127663847e+10 -1.4386247144e+16 7.2000000000e+03
5.0271225664e+06 -3.1438492135e+06 -3.4511583553e+06 2.5572143125e+08 2.8071802813e+08 9.1980582948e+00 -8.3790152265e+00 -7.4817221651e+02 6.8155106127e+02 -3.8063349868e+28 -7.0021358393e+10 -1.4386234225e+16 7.2000000000e+03
5.0991225664e+06 -2.4279393315e+06 -3.9874042285e+06 1.9748915374e+08 3.2433639307e+08 1.0627265625e+01 -6.4709657623e+00 -8.6442427556e+02 5.2634987085e+02 -3.8063349868e+28 -8.9144401727e+10 -1.4386218581e+16 7.2000000000e+03
5.1711225664e+06 -1.6228977345e+06 -4.3772691061e+06 1.3200688164e+08 3.5604809353e+08 1.1666337007e+01 -4.3253616485e+00 -9.4894258521e+02 3.5182592959e+02 -3.8063349868e+28 -9.1895508605e+10 -1.4386230294e+16 7.2000000000e+03
5.2431225664e+06 -7.5827818333e+05 -4.6064407172e+06 6.1678524795e+07 3.7468896605e+08 1.2277127249e+01 -2.0209698346e+00 -9.9862440654e+02 1.6438615960e+02 -3.8063349868e+28 -1.0618493102e+11 -1.4386226020e+16 7.2000000000e+03
5.3080188429e+06 4.5809107518e+04 -4.6682098717e+06 -3.7261238155e+06 3.7971328354e+08 1.2441754955e+01 1.2209085402e-01 -1.0120152628e+03 -9.9308988641e+00 -3.8063349868e+28 -8.8301340708e+10 -1.4386224043e+16 6.0745102371e+03
5.3788933532e+06 9.2156289763e+05 -4.5765711727e+06 -7.4960142265e+07 3.7225937028e+08 1.2197518669e+01 2.4561577420e+00 -9.9214902606e+02 -1.9978444633e+02 -3.8063349868e+28 -7.7821673411e+10 -1.4386224929e+16 7.2000000000e+03
5.4508933532e+06 1.7774885838e+06 -4.3168062495e+06 -1.4458133809e+08 3.5113003056e+08 1.1505190856e+01 4.7373785888e+00 -9.3583491957e+02 -3.8533948443e+02 -3.8063349868e+28 -9.4244627413e+10 -1.4386237258e+16 7.2000000000e+03
5.5228933532e+06 2.5681611541e+06 -3.8985677026e+06 -2.0889483019e+08 3.1711040916e+08 1.0390497715e+01 6.8446862438e+00 -8.4516551828e+02 -5.5674838276e+02 -3.8063349868e+28 -1.1851307377e+11 -1.4386226568e+16 7.2000000000e+03
5.5948933532e+06 3.2645543469e+06 -3.3372094244e+06 -2.6553961564e+08 2.7144939529e+08 8.8943605759e+00 8.7007196528e+00 -7.2346937291e+02 -7.0771857506e+02 -3.8063349868e+28 -1.0665253524e+11 -1.4386253148e+16 7.2000000000e+03
5.6668933532e+06 3.8411029766e+06 -2.6533393540e+06 -3.1243621624e+08 2.1582324354e+08 7.0717039053e+00 1.0237342253e+01 -5.7521405234e+02 -8.3270781734e+02 -3.8063349868e+28 -7.3422510853e+10 -1.4386257433e+16 7.2000000000e+03
5.7388933532e+06 4.2766414532e+06 -1.8720629427e+06 -3.4786301796e+08 1.5227403720e+08 4.9894389775e+00 1.1398143323e+01 -4.0584213530e+02 -9.2712764833e+02 -3.8063349868e+28 -7.7067161947e+10 -1.4386274023e+16 7.2000000000e+03
5.8108933532e+06 4.5551807893e+06 -1.0220615110e+06 -3.7051947281e+08 8.3134721607e+07 2.7240075067e+00 1.2140508870e+01 -2.2157140874e+02 -9.8751183584e+02 -3.8063349868e+28 -8.5086141253e+10 -1.4386252499e+16 7.2000000000e+03
5.8828933532e+06 4.6664955692e+06 -1.3453933371e+05 -3.7957384309e+08 1.0943459770e+07 3.5857540645e-01 1.2437186024e+01 -2.9166607563e+01 -1.0116436251e+03 -3.8063349868e+28 -8.6737793922e+10 -1.4386273459e+16 7.2000000000e+03
5.9466641394e+06 4.6220132733e+06 6.5671531853e+05 -3.7595564272e+08 -5.3417379022e+07 -1.7502836189e+00 1.2318631409e+01 1.4236847959e+02 -1.0020003648e+03 -3.8063349868e+28 -8.3022755319e+10 -1.4386290247e+16 7.2000000000e+03
6.0186641394e+06 4.4119258365e+06 1.5261690921e+06 -3.5886708139e+08 -1.2413895267e+08 -4.0675596467e+00 1.1758704480e+01 3.3085625456e+02 -9.5645577729e+02 -3.8063349868e+28 -8.5902018901e+10 -1.4386262729e+16 7.2000000000e+03
6.0906641394e+06 4.0398728546e+06 2.3395959015e+06 -3.2860420468e+08 -1.9030327991e+08 -6.2355121048e+00 1.0767105522e+01 5.0719801539e+02 -8.7579888574e+02 -3.8063349868e+28 -9.0481143025e+10 -1.4386269404e+16 7.2000000000e+03
6.1626641394e+06 3.5195127085e+06 3.0671341574e+06 -2.8627798850e+08 -2.4948141211e+08 -8.1745536170e+00 9.3802369743e+00 6.6492010625e+02 -7.6299067318e+02 -3.8063349868e+28 -9.5195967429e+10 -1.4386272786e+16 7.2000000000e+03
6.2346641394e+06 2.8699482613e+06 3.6820753127e+06 -2.3344226419e+08 -2.9950086975e+08 -9.8135003222e+00 7.6490119597e+00 7.9823241521e+02 -6.2217242492e+02 -3.8063349868e+28 -1.0658655722e+11 -1.4386235088e+16 7.2000000000e+03
6.3066641394e+06 2.1150255755e+06 4.1618443551e+06 -1.7203667607e+08 -3.3852539607e+08 -1.1092185095e+01 5.6369852189e+00 9.0224093417e+02 -4.5851369847e+02 -3.8063349868e+28 -8.0930512475e+10 -1.4386214111e+16 7.2000000000e+03
6.3786641394e+06 1.2824585042e+06 4.4888285556e+06 -1.0431547545e+08 -3.6512236755e+08 -1.1963666331e+01 3.4180199627e+00 9.7312742206e+02 -2.7802254469e+02 -3.8063349868e+28 -8.8389586012e+10 -1.4386216119e+16 7.2000000000e+03
6.4506641394e+06 4.0281129177e+05 4.6510240464e+06 -3.2764765117e+07 -3.7831538679e+08 -1.2395951214e+01 1.0735762904e+00 1.0082895757e+03 -8.7324947162e+01 -3.8063349868e+28 -1.2053444647e+11 -1.4386217448e+16 7.2000000000e+03
6.5144349250e+06 -3.8969191873e+05 4.6521416391e+06 3.1697631684e+07 -3.7840629205e+08 -1.2398929832e+01 -1.0386104030e+00 1.0085318572e+03 8.4480813297e+01 -3.8063349868e+28 -1.0736874423e+11 -1.4386218184e+16 7.2000000000e+03
6.5864349250e+06 -1.2697930897e+06 4.4924277558e+06 1.0328526711e+08 -3.6541512738e+08 -1.1973258952e+01 -3.3842639694e+00 9.7390768814e+02 2.7527682390e+02 -3.8063349868e+28 -8.7701402888e+10 -1.4386218507e+16 7.2000000000e+03
6.6584349250e+06 -2.1032790779e+06 4.1677930332e+06 1.7108121265e+08 -3.3900926301e+08 -1.1108039566e+01 -5.6056783309e+00 9.0353054060e+02 4.5596718847e+02 -3.8063349868e+28 -1.0919092595e+11 -1.4386212856e+16 7.2000000000e+03
6.7304349250e+06 -2.8595519048e+06 3.6901550877e+06 2.3259662156e+08 -3.0015808064e+08 -9.8350346129e+00 -7.6213034793e+00 7.9998401946e+02 6.1991861024e+02 -3.8063349868e+28 -1.2920449148e+11 -1.4386219876e+16 7.2000000000e+03
6.8024349250e+06 -3.5108481524e+06 3.0770484139e+06 2.8557321092e+08 -2.5028784017e+08 -8.2009771851e+00 -9.3571441035e+00 6.6706940547e+02 7.6111229327e+02 -3.8063349868e+28 -1.2308195428e+11 -1.4386248316e+16 7.2000000000e+03
6.8744349250e+06 -4.0332581825e+06 2.3509806786e+06 3.2806616515e+08 -1.9122932050e+08 -6.2658549190e+00 -1.0749476020e+01 5.0966610701e+02 8.7436489752e+02 -3.8063349868e+28 -1.3730405665e+11 -1.4386295847e+16 7.2000000000e+03
6.9464349250e+06 -4.4076038789e+06 1.5386064451e+06 3.5851553180e+08 -1.2515061005e+08 -4.1007077968e+00 -1.1747185541e+01 3.3355253286e+02 9.5551882370e+02 -3.8063349868e+28 -1.4778683265e+11 -1.4386280506e+16 7.2000000000e+03
7.0184349250e+06 -4.6201426934e+06 6.6974866150e+05 3.7580348875e+08 -5.4477514403e+07 -1.7850202083e+00 -1.2313645903e+01 1.4519396191e+02 1.0015948423e+03 -3.8063349868e+28 -1.4606435949e+11 -1.4386288061e+16 7.2000000000e+03
7.0822057117e+06 -4.6668564723e+06 -1.2137739039e+05 3.7960319847e+08 9.8728639811e+06 3.2349606892e-01 -1.2438147887e+01 -2.6313246031e+01 1.0117218628e+03 -3.8063349868e+28 -1.4608618649e+11 -1.4386286124e+16 7.2000000000e+03
7.1542057117e+06 -4.5580453078e+06 -1.0092099907e+06 3.7075247286e+08 8.2089375669e+07 2.6897555099e+00 -1.2148143392e+01 -2.1878534330e+02 9.8813282922e+02 -3.8063349868e+28 -1.4616100418e+11 -1.4386273579e+16 7.2000000000e+03
7.2262057117e+06 -4.2819044286e+06 -1.8599936357e+06 3.4829110906e+08 1.5129231665e+08 4.9572717415e+00 -1.1412170234e+01 -4.0322564478e+02 9.2826860015e+02 -3.8063349868e+28 -1.4720362727e+11 -1.4386288356e+16 7.2000000000e+03
7.2982057117e+06 -3.8485712010e+06 -2.6424953351e+06 3.1304368281e+08 2.1494118818e+08 7.0428023168e+00 -1.0257246614e+01 -5.7286319036e+02 8.3432684230e+02 -3.8063349868e+28 -1.3752152266e+11 -1.4386305978e+16 7.2000000000e+03
7.3702057117e+06 -3.2739536557e+06 -3.3279887869e+06 2.6630415706e+08 2.7069938612e+08 8.8697856371e+00 -8.7257707576e+00 -7.2147044163e+02 7.0975623740e+02 -3.8063349868e+28 -1.6585856889e+11 -1.4386309555e+16 7.2000000000e+03
7.4422057117e+06 -2.5791464910e+06 -3.8913089441e+06 2.0978837952e+08 3.1651997967e+08 1.0371151593e+01 -6.8739644456e+00 -8.4359190019e+02 5.5912987816e+02 -3.8063349868e+28 -1.5111510103e+11 -1.4386314879e+16 7.2000000000e+03
7.5142057117e+06 -1.7896566681e+06 -4.3117758454e+06 1.4557109236e+08 3.5072085591e+08 1.1491783764e+01 -4.7698090600e+00 -9.3474438356e+02 3.8797738616e+02 -3.8063349868e+28 -1.9504004897e+11 -1.4386312116e+16 7.2000000000e+03
7.5862057117e+06 -9.3446702882e+05 -4.5739537937e+06 7.6009766762e+07 3.7204647163e+08 1.2190542793e+01 -2.4905499322e+00 -9.9158160664e+02 2.0258191475e+02 -3.8063349868e+28 -1.8437240318e+11 -1.4386309287e+16 7.2000000000e+03
7.6570584856e+06 -5.9245608828e+04 -4.6680586855e+06 4.8190514230e+06 3.7970098556e+08 1.2441351998e+01 -1.5790192201e-01 -1.0119824861e+03 1.2843779132e+01 -3.8063349868e+28 -1.5657374907e+11 -1.4386310790e+16 6.3959362529e+03
7.7219765015e+06 7.4528316360e+05 -4.6085610479e+06 -6.0621507402e+07 3.7486143376e+08 1.2282778358e+01 1.9863354074e+00 -9.9908406912e+02 -1.6156898757e+02 -3.8063349868e+28 -1.6535360805e+11 -1.4386309370e+16 7.2000000000e+03
7.7939765015e+06 1.6105456311e+06 -4.3818289198e+06 -1.3100215921e+08 3.5641898934e+08 1.1678489848e+01 4.2924407280e+00 -9.4993110016e+02 -3.4914813459e+02 -3.8063349868e+28 -1.9062720554e+11 -1.4386304996e+16 7.2000000000e+03
7.8659765015e+06 2.4166836004e+06 -3.9942361308e+06 -1.9657361049e+08 3.2489210106e+08 1.0645474056e+01 6.4409669035e+00 -8.6590535364e+02 -5.2390975704e+02 -3.8063349868e+28 -1.6767146266e+11 -1.4386303966e+16 7.2000000000e+03
7.9379765015e+06 3.1341030618e+06 -3.4600115414e+06 -2.5492867755e+08 2.8143814779e+08 9.2216538694e+00 8.3530397130e+00 -7.5009148608e+02 -6.7943820731e+02 -3.8063349868e+28 -1.5375307098e+11 -1.4386305557e+16 7.2000000000e+03
8.0099765015e+06 3.7364669375e+06 -2.7987669900e+06 -3.0392509631e+08 2.2765236106e+08 7.4592989358e+00 9.9584653395e+00 -6.0674112291e+02 -8.1002390386e+02 -3.8063349868e+28 -1.4534327801e+11 -1.4386332903e+16 7.2000000000e+03
8.0819765015e+06 4.2016619381e+06 -2.0347773258e+06 -3.4176416664e+08 1.6550926278e+08 5.4231068021e+00 1.1198307244e+01 -4.4111677775e+02 -9.1087293487e+02 -3.8063349868e+28 -1.4690684449e+11 -1.4386335941e+16 7.2000000000e+03
8.1539765015e+06 4.5126103598e+06 -1.1960892583e+06 -3.6705678411e+08 9.7290178882e+07 3.1878278112e+00 1.2027049778e+01 -2.5929866097e+02 -9.7828304674e+02 -3.8063349868e+28 -1.4232705440e+11 -1.4386352606e+16 7.2000000000e+03
8.2259765015e+06 4.6578970220e+06 -3.1349173892e+05 -3.7887443525e+08 2.5499489873e+07 8.3552095356e-01 1.2414269099e+01 -6.7961470099e+01 -1.0097795570e+03 -3.8063349868e+28 -1.5096701567e+11 -1.4386348558e+16 7.2000000000e+03
8.2897472841e+06 4.6438075948e+06 4.7888696955e+05 -3.7772839793e+08 -3.8952779916e+07 -1.2763339166e+00 1.2376717831e+01 1.0381729978e+02 -1.0067251280e+03 -3.8063349868e+28 -1.4970946402e+11 -1.4386372483e+16 7.2000000000e+03
8.3617472841e+06 4.4672354467e+06 1.3557614600e+06 -3.6336597805e+08 -1.1027795641e+08 -3.6133877060e+00 1.1906116152e+01 2.9391380251e+02 -9.6844627719e+02 -3.8063349868e+28 -1.5930547692e+11 -1.4386378337e+16 7.2000000000e+03
8.4337472841e+06 4.1266672908e+06 2.1828647950e+06 -3.3566408446e+08 -1.7755473545e+08 -5.8177909634e+00 1.0998430835e+01 4.7322047989e+02 -8.9461494092e+02 -3.8063349868e+28 -1.6509500977e+11 -1.4386394387e+16 7.2000000000e+03
8.5057472841e+06 3.6346056732e+06 2.9298333084e+06 -2.9563967721e+08 -2.3831332934e+08 -7.8086181727e+00 9.6869837806e+00 6.3515483148e+02 -7.8794153026e+02 -3.8063349868e+28 -1.6539491235e+11 -1.4386401441e+16 7.2000000000e+03
8.5777472841e+06 3.0091145940e+06 3.5692451517e+06 -2.4476208630e+08 -2.9032323848e+08 -9.5127843761e+00 8.0199193231e+00 7.7377210970e+02 -6.5234211675e+02 -3.8063349868e+28 -1.7911872716e+11 -1.4386393023e+16 7.2000000000e+03
8.6497472841e+06 2.2731563619e+06 4.0776269730e+06 -1.8489907129e+08 -3.3167513494e+08 -1.0867728185e+01 6.0584368151e+00 8.8398355651e+02 -4.9279467003e+02 -3.8063349868e+28 -1.8465149429e+11 -1.4386409451e+16 7.2000000000e+03
8.7217472841e+06 1.4537486288e+06 4.4363156437e+06 -1.1824825432e+08 -3.6085095546e+08 -1.1823708460e+01 3.8745439455e+00 9.6174321610e+02 -3.1515631241e+02 -3.8063349868e+28 -1.7552435860e+11 -1.4386394722e+16 7.2000000000e+03
8.7937472841e+06 5.8097254863e+05 4.6321433982e+06 -4.7256443488e+07 -3.7677963090e+08 -1.2345630355e+01 1.5484132766e+00 1.0041964653e+03 -1.2594829886e+02 -3.8063349868e+28 -1.6477263844e+11 -1.4386389160e+16 7.2000000000e+03
8.8575180730e+06 -2.1090423373e+05 4.6636681884e+06 1.7154999501e+07 -3.7934386473e+08 -1.2429650510e+01 -5.6210385488e-01 1.0110306844e+03 4.5721659044e+01 -3.8063349868e+28 -1.2856712839e+11 -1.4386389236e+16 7.2000000000e+03
8.9295180730e+06 -1.0964854674e+06 4.5378410283e+06 8.9188384511e+07 -3.6910905406e+08 -1.2094294830e+01 -2.9223629338e+00 9.8375277480e+02 2.3770568546e+02 -3.8063349868e+28 -1.4130181780e+11 -1.4386381727e+16 7.2000000000e+03
9.0015180730e+06 -1.9418137883e+06 4.2454258687e+06 1.5794758817e+08 -3.4532393650e+08 -1.1314947314e+01 -5.1753395871e+00 9.2036046525e+02 4.2096333424e+02 -3.8063349868e+28 -1.2583342223e+11 -1.4386393688e+16 7.2000000000e+03
9.0735180730e+06 -2.7158564758e+06 3.7971575188e+06 2.2090840170e+08 -3.0886168391e+08 -1.0120218471e+01 -7.2383251283e+00 8.2318094128e+02 5.8876706145e+02 -3.8063349868e+28 -1.2189999618e+11 -1.4386375953e+16 7.2000000000e+03
9.1455180730e+06 -3.3901977654e+06 3.2094922902e+06 2.7575948018e+08 -2.6106085656e+08 -8.5539678120e+00 -9.0355856057e+00 6.9578174575e+02 7.3495664972e+02 -3.8063349868e+28 -1.2389438182e+11 -1.4386362405e+16 7.2000000000e+03
9.2175180730e+06 -3.9400820155e+06 2.5040038727e+06 3.2048719390e+08 -2.0367626342e+08 -6.6736937290e+00 -1.0501142061e+01 5.4283981135e+02 8.5416535511e+02 -3.8063349868e+28 -1.1380728410e+11 -1.4386385145e+16 7.2000000000e+03
9.2895180730e+06 -4.3453225083e+06 1.7065913454e+06 3.5344955052e+08 -1.3881454165e+08 -4.5484226807e+00 -1.1581192671e+01 3.6996976640e+02 9.4201692479e+02 -3.8063349868e+28 -1.2286571645e+11 -1.4386400091e+16 7.2000000000e+03
9.3615180730e+06 -4.5910425210e+06 8.4652839936e+05 3.7343647392e+08 -6.8856820153e+07 -2.2561751724e+00 -1.2236087862e+01 1.8351781708e+02 9.9528625302e+02 -3.8063349869e+28 -1.2297183045e+11 -1.4386393153e+16 7.2000000000e+03
9.4290716959e+06 -4.6684223314e+06 1.0711385408e+04 3.7973056582e+08 -8.7126844604e+05 -2.8548140651e-02 -1.2442321229e+01 2.3221124485e+00 1.0120613234e+03 -3.8063349869e+28 -1.1936524592e+11 -1.4386395756e+16 4.5426475085e+03
9.4972888547e+06 -4.5934118124e+06 -8.3357648563e+05 3.7362919264e+08 6.7803304761e+07 2.2216554957e+00 -1.2242402519e+01 -1.8070997849e+02 9.9579988869e+02 -3.8063349869e+28 -1.2010058676e+11 -1.4386393881e+16 7.2000000000e+03
9.5692888547e+06 -4.3501185014e+06 -1.6943290404e+06 3.5383965772e+08 1.3781711920e+08 4.5157409555e+00 -1.1593974995e+01 -3.6731142721e+02 9.4305664203e+02 -3.8063349869e+28 -1.3850488144e+11 -1.4386391211e+16 7.2000000000e+03
9.6412888547e+06 -3.9471286454e+06 -2.4928813378e+06 3.2106036843e+08 2.0277155013e+08 6.6440497292e+00 -1.0519922802e+01 -5.4042856146e+02 8.5569298502e+02 -3.8063349869e+28 -1.1560448102e+11 -1.4386389142e+16 7.2000000000e+03
9.7132888547e+06 -3.3992363443e+06 -3.1999178447e+06 2.7649468030e+08 2.6028206522e+08 8.5284497940e+00 -9.0596753075e+00 -6.9370610419e+02 7.3691611171e+02 -3.8063349869e+28 -1.2691429292e+11 -1.4386391025e+16 7.2000000000e+03
9.7852888547e+06 -2.7265551898e+06 -3.7894826503e+06 2.2177863760e+08 3.0823740462e+08 1.0099763223e+01 -7.2668394370e+00 -8.2151710661e+02 5.9108642200e+02 -3.8063349869e+28 -1.1691053448e+11 -1.4386416931e+16 7.2000000000e+03
9.8572888547e+06 -1.9537798784e+06 -4.2399323300e+06 1.5892091274e+08 3.4487708707e+08 1.1300305765e+01 -5.2072317183e+00 -9.1916951826e+02 4.2355744766e+02 -3.8063349869e+28 -1.2426574449e+11 -1.4386408714e+16 7.2000000000e+03
9.9292888547e+06 -1.1092796484e+06 -4.5347304933e+06 9.0229066189e+07 3.6885603872e+08 1.2086004485e+01 -2.9564621002e+00 -9.8307843616e+02 2.4047931964e+02 -3.8063349869e+28 -1.3673637450e+11 -1.4386399931e+16 7.2000000000e+03
1.0001288855e+07 -2.2405682031e+05 -4.6630548492e+06 1.8224833975e+07 3.7929397188e+08 1.2428015714e+01 -5.9715824704e-01 -1.0108977096e+03 4.8572991514e+01 -3.8063349869e+28 -1.3871231011e+11 -1.4386403506e+16 7.2000000000e+03
1.0065059641e+07 5.6790569520e+05 -4.6337636000e+06 -4.6193582569e+07 3.7691141480e+08 1.2349948412e+01 1.5135873813e+00 -1.0045476971e+03 -1.2311555237e+02 -3.8063349869e+28 -1.4219924205e+11 -1.4386402162e+16 7.2000000000e+03
1.0137059641e+07 1.4412306186e+06 -4.4403982106e+06 -1.1723003643e+08 3.6118302871e+08 1.1834589235e+01 3.8411808319e+00 -9.6262826084e+02 -3.1244254893e+02 -3.8063349869e+28 -1.4309120353e+11 -1.4386405418e+16 7.2000000000e+03
1.0209059641e+07 2.2616467416e+06 -4.0840220321e+06 -1.8396287608e+08 3.3219530685e+08 1.0884772234e+01 6.0277612715e+00 -8.8536992350e+02 -4.9029951413e+02 -3.8063349869e+28 -1.6894334504e+11 -1.4386408119e+16 7.2000000000e+03
1.0281059641e+07 2.9990358916e+06 -3.5777179366e+06 -2.4394228228e+08 2.9101241310e+08 9.5353659993e+00 7.9930574748e+00 -7.7560890422e+02 -6.5015716772e+02 -3.8063349869e+28 -1.8053487600e+11 -1.4386409039e+16 7.2000000000e+03
1.0353059641e+07 3.6263278864e+06 -2.9400727777e+06 -2.9496636010e+08 2.3914620648e+08 7.8359083789e+00 9.6649217488e+00 -6.3737462325e+02 -7.8614699943e+02 -3.8063349869e+28 -1.5994341229e+11 -1.4386415853e+16 7.2000000000e+03
1.0425059641e+07 4.1204943042e+06 -2.1944950506e+06 -3.3516197228e+08 1.7850073948e+08 5.8487879059e+00 1.0981978536e+01 -4.7574177845e+02 -8.9327670704e+02 -3.8063349869e+28 -1.6216593824e+11 -1.4386419972e+16 7.2000000000e+03
1.0497059641e+07 4.4633938759e+06 -1.3683555471e+06 -3.6305350378e+08 1.1130235871e+08 3.6469534607e+00 1.1895877563e+01 -2.9664404886e+02 -9.6761346797e+02 -3.8063349869e+28 -1.4434677901e+11 -1.4386410106e+16 7.2000000000e+03
1.0569059641e+07 4.6424384670e+06 -4.9198255010e+05 -3.7761703277e+08 4.0017973810e+07 1.3112362561e+00 1.2373068819e+01 -1.0665626426e+02 -1.0064283166e+03 -3.8063349869e+28 -1.4884918843e+11 -1.4386403768e+16 7.2000000000e+03
1.0632830431e+07 4.6587626654e+06 3.0035335446e+05 -3.7894484688e+08 -2.4430814298e+07 -8.0050453268e-01 1.2416576220e+01 6.5113226221e+01 -1.0099672187e+03 -3.8063349869e+28 -1.5025242102e+11 -1.4386391539e+16 7.2000000000e+03
1.0704830431e+07 4.5159658515e+06 1.1833571288e+06 -3.6732972059e+08 -9.6254548175e+07 -3.1538941446e+00 1.2035992865e+01 2.5653848858e+02 -9.7901047952e+02 -3.8063349869e+28 -1.4857548003e+11 -1.4386396927e+16 7.2000000000e+03
1.0776830431e+07 4.2073840951e+06 2.0229188568e+06 -3.4222960823e+08 -1.6454469583e+08 -5.3915016235e+00 1.1213557989e+01 4.3854600511e+02 -9.1211343402e+02 -3.8063349869e+28 -1.4555592270e+11 -1.4386382768e+16 7.2000000000e+03
1.0848830431e+07 3.7443456946e+06 2.7882175143e+06 -3.0456595626e+08 -2.2679426793e+08 -7.4311824981e+00 9.9794638741e+00 6.0445412528e+02 -8.1173192959e+02 -3.8063349869e+28 -1.3074899599e+11 -1.4386384995e+16 7.2000000000e+03
1.0920830431e+07 3.1438491831e+06 3.4511583376e+06 -2.5572142934e+08 -2.8071802982e+08 -9.1980583509e+00 8.3790151635e+00 7.4817222108e+02 -6.8155105654e+02 -3.8063349869e+28 -1.2992315769e+11 -1.4386387455e+16 7.2000000000e+03
1.0992830431e+07 2.4279392975e+06 3.9874042059e+06 -1.9748915153e+08 -3.2433639439e+08 -1.0627265669e+01 6.4709656890e+00 8.6442427912e+02 -5.2634986528e+02 -3.8063349869e+28 -1.2375919454e+11 -1.4386390816e+16 7.2000000000e+03
1.1064830431e+07 1.6228976978e+06 4.3772690779e+06 -1.3200687922e+08 -3.5604809442e+08 -1.1666337037e+01 4.3253615676e+00 9.4894258762e+02 -3.5182592340e+02 -3.8063349869e+28 -1.1960475142e+11 -1.4386383456e+16 7.2000000000e+03
1.1136830431e+07 7.5827814508e+05 4.6064406830e+06 -6.1678522240e+07 -3.7468896648e+08 -1.2277127263e+01 2.0209697491e+00 9.9862440768e+02 -1.6438615303e+02 -3.8063349869e+28 -1.0465723581e+11 -1.4386374803e+16 7.2000000000e+03
1.1201726703e+07 -4.5809094631e+04 4.6682098325e+06 3.7261222105e+06 -3.7971328358e+08 -1.2441754956e+01 -1.2209080342e-01 1.0120152628e+03 9.9308943559e+00 -3.8063349869e+28 -9.7539442987e+10 -1.4386371327e+16 6.0745117372e+03
1.1272601215e+07 -9.2156290345e+05 4.5765711333e+06 7.4960142181e+07 -3.7225937034e+08 -1.2197518670e+01 -2.4561577412e+00 9.9214902612e+02 1.9978444588e+02 -3.8063349869e+28 -8.5238175099e+10 -1.4386368817e+16 7.2000000000e+03
1.1344601215e+07 -1.7774885897e+06 4.3168062101e+06 1.4458133802e+08 -3.5113003065e+08 -1.1505190858e+01 -4.7373785881e+00 9.3583491968e+02 3.8533948398e+02 -3.8063349869e+28 -8.7843719402e+10 -1.4386375526e+16 7.2000000000e+03
1.1416601215e+07 -2.5681611601e+06 3.8985676633e+06 2.0889483013e+08 -3.1711040928e+08 -1.0390497717e+01 -6.8446862430e+00 8.4516551844e+02 5.5674838230e+02 -3.8063349869e+28 -7.2004225694e+10 -1.4386377726e+16 7.2000000000e+03
1.1488601215e+07 -3.2645543531e+06 3.3372093852e+06 2.6553961559e+08 -2.7144939544e+08 -8.8943605787e+00 -8.7007196520e+00 7.2346937314e+02 7.0771857461e+02 -3.8063349869e+28 -8.0881005197e+10 -1.4386366172e+16 7.2000000000e+03
1.1560601215e+07 -3.8411029830e+06 2.6533393148e+06 3.1243621621e+08 -2.1582324373e+08 -7.0717039092e+00 -1.0237342252e+01 5.7521405265e+02 8.3270781689e+02 -3.8063349869e+28 -7.9835258566e+10 -1.4386365130e+16 7.2000000000e+03
1.1632601215e+07 -4.2766414599e+06 1.8720629035e+06 3.4786301796e+08 -1.5227403742e+08 -4.9894389826e+00 -1.1398143323e+01 4.0584213571e+02 9.2712764792e+02 -3.8063349869e+28 -8.6346339531e+10 -1.4386359500e+16 7.2000000000e+03
1.1704601215e+07 -4.5551807964e+06 1.0220614719e+06 3.7051947284e+08 -8.3134721854e+07 -2.7240075130e+00 -1.2140508871e+01 2.2157140926e+02 9.8751183550e+02 -3.8063349869e+28 -1.0719681123e+11 -1.4386356640e+16 7.2000000000e+03
1.1776601215e+07 -4.6664955769e+06 1.3453929448e+05 3.7957384316e+08 -1.0943460039e+07 -3.5857541387e-01 -1.2437186026e+01 2.9166608167e+01 1.0116436248e+03 -3.8063349869e+28 -1.0481914898e+11 -1.4386357172e+16 7.2000000000e+03
1.1840372000e+07 -4.6220132831e+06 -6.5671534572e+05 3.7595564297e+08 5.3417377748e+07 1.7502835781e+00 -1.2318631416e+01 -1.4236847628e+02 1.0020003651e+03 -3.8063349869e+28 -1.0292537699e+11 -1.4386379511e+16 7.2000000000e+03
1.1912372000e+07 -4.4119258493e+06 -1.5261691201e+06 3.5886708188e+08 1.2413895143e+08 4.0675596069e+00 -1.1758704496e+01 -3.3085625133e+02 9.5645577818e+02 -3.8063349869e+28 -1.0463693172e+11 -1.4386395295e+16 7.2000000000e+03
1.1984372000e+07 -4.0398728701e+06 -2.3395959309e+06 3.2860420539e+08 1.9030327877e+08 6.2355120676e+00 -1.0767105545e+01 -5.0719801237e+02 8.7579888726e+02 -3.8063349869e+28 -1.0309117115e+11 -1.4386390880e+16 7.2000000000e+03
1.2056372000e+07 -3.5195127266e+06 -3.0671341888e+06 2.8627798942e+08 2.4948141109e+08 8.1745535840e+00 -9.3802370050e+00 -6.6492010357e+02 7.6299067529e+02 -3.8063349869e+28 -1.1760756652e+11 -1.4386404022e+16 7.2000000000e+03
1.2128372000e+07 -2.8699482816e+06 -3.6820753466e+06 2.3344226528e+08 2.9950086891e+08 9.8135002950e+00 -7.6490119967e+00 -7.9823241299e+02 6.2217242754e+02 -3.8063349869e+28 -1.1512538083e+11 -1.4386416144e+16 7.2000000000e+03
1.2200372000e+07 -2.1150255975e+06 -4.1618443918e+06 1.7203667731e+08 3.3852539543e+08 1.1092185075e+01 -5.6369852609e+00 -9.0224093252e+02 4.5851370150e+02 -3.8063349869e+28 -1.3651667716e+11 -1.4386411196e+16 7.2000000000e+03
1.2272372000e+07 -1.2824585274e+06 -4.4888285954e+06 1.0431547678e+08 3.6512236714e+08 1.1963666319e+01 -3.4180200081e+00 -9.7312742106e+02 2.7802254800e+02 -3.8063349869e+28 -9.7767166726e+10 -1.4386390040e+16 7.2000000000e+03
1.2344372000e+07 -4.0281131552e+05 -4.6510240896e+06 3.2764766492e+07 3.7831538662e+08 1.2395951210e+01 -1.0735763375e+00 -1.0082895754e+03 8.7324950599e+01 -3.8063349869e+28 -1.1497938493e+11 -1.4386401827e+16 7.2000000000e+03
1.2408142789e+07 3.8969194058e+05 -4.6521416815e+06 -3.1697634018e+07 3.7840629179e+08 1.2398929826e+01 1.0386104776e+00 -1.0085318567e+03 -8.4480819754e+01 -3.8063349869e+28 -1.2940314265e+11 -1.4386401684e+16 7.2000000000e+03
1.2480142789e+07 1.2697931106e+06 -4.4924277929e+06 -1.0328526937e+08 3.6541512666e+08 1.1973258932e+01 3.3842640417e+00 -9.7390768645e+02 -2.7527683017e+02 -3.8063349869e+28 -1.3476702463e+11 -1.4386396374e+16 7.2000000000e+03
1.2552142789e+07 2.1032790968e+06 -4.1677930653e+06 -1.7108121474e+08 3.3900926185e+08 1.1108039532e+01 5.6056783983e+00 -9.0353053777e+02 -4.5596719435e+02 -3.8063349869e+28 -1.4712877784e+11 -1.4386403996e+16 7.2000000000e+03
1.2624142789e+07 2.8595519207e+06 -3.6901551151e+06 -2.3259662341e+08 3.0015807908e+08 9.8350345652e+00 7.6213035394e+00 -7.9998401557e+02 -6.1991861553e+02 -3.8063349869e+28 -1.3649273888e+11 -1.4386415338e+16 7.2000000000e+03
1.2696142789e+07 3.5108481645e+06 -3.0770484373e+06 -2.8557321246e+08 2.5028783826e+08 8.2009771257e+00 9.3571441540e+00 -6.6706940064e+02 -7.6111229777e+02 -3.8063349869e+28 -1.3698850454e+11 -1.4386398372e+16 7.2000000000e+03
1.2768142789e+07 4.0332581899e+06 -2.3509806988e+06 -3.2806616631e+08 1.9122931830e+08 6.2658548499e+00 1.0749476059e+01 -5.0966610138e+02 -8.7436490106e+02 -3.8063349869e+28 -1.4488110347e+11 -1.4386383285e+16 7.2000000000e+03
1.2840142789e+07 4.4076038811e+06 -1.5386064630e+06 -3.5851553253e+08 1.2515060763e+08 4.1007077201e+00 1.1747185566e+01 -3.3355252662e+02 -9.5551882615e+02 -3.8063349869e+28 -1.4295950985e+11 -1.4386380367e+16 7.2000000000e+03
1.2912142789e+07 4.6201426898e+06 -6.6974867812e+05 -3.7580348902e+08 5.4477511849e+07 1.7850201266e+00 1.2313645913e+01 -1.4519395527e+02 -1.0015948435e+03 -3.8063349869e+28 -1.4638598854e+11 -1.4386401812e+16 7.2000000000e+03
1.2975913573e+07 4.6668564642e+06 1.2137734243e+05 -3.7960319838e+08 -9.8728640110e+06 -3.2349606847e-01 1.2438147886e+01 2.6313245995e+01 -1.0117218631e+03 -3.8063349869e+28 -1.4754824537e+11 -1.4386411285e+16 7.2000000000e+03
1.3047913573e+07 4.5580452997e+06 1.0092099426e+06 -3.7075247276e+08 -8.2089375718e+07 -2.6897555107e+00 1.2148143390e+01 2.1878534337e+02 -9.8813282947e+02 -3.8063349869e+28 -1.4715417303e+11 -1.4386401868e+16 7.2000000000e+03
1.3119913573e+07 4.2819044204e+06 1.8599935875e+06 -3.4829110895e+08 -1.5129231672e+08 -4.9572717434e+00 1.1412170232e+01 4.0322564494e+02 -9.2826860035e+02 -3.8063349869e+28 -1.5233430887e+11 -1.4386395417e+16 7.2000000000e+03
1.3191913573e+07 3.8485711926e+06 2.6424952867e+06 -3.1304368269e+08 -2.1494118826e+08 -7.0428023196e+00 1.0257246610e+01 5.7286319058e+02 -8.3432684242e+02 -3.8063349869e+28 -1.4190038604e+11 -1.4386381867e+16 7.2000000000e+03
1.3263913573e+07 3.2739536472e+06 3.3279887382e+06 -2.6630415692e+08 -2.7069938620e+08 -8.8697856402e+00 8.7257707531e+00 7.2147044189e+02 -7.0975623742e+02 -3.8063349869e+28 -1.4412751445e+11 -1.4386371206e+16 7.2000000000e+03
1.3335913573e+07 2.5791464823e+06 3.8913088950e+06 -2.0978837936e+08 -3.1651997975e+08 -1.0371151596e+01 6.8739644397e+00 8.4359190044e+02 -5.5912987808e+02 -3.8063349869e+28 -1.3665396647e+11 -1.4386357378e+16 7.2000000000e+03
1.3407913573e+07 1.7896566591e+06 4.3117757959e+06 -1.4557109219e+08 -3.5072085598e+08 -1.1491783767e+01 4.7698090530e+00 9.3474438376e+02 -3.8797738599e+02 -3.8063349869e+28 -1.2090452131e+11 -1.4386359060e+16 7.2000000000e+03
1.3479913573e+07 9.3446701971e+05 4.5739537437e+06 -7.6009766578e+07 -3.7204647168e+08 -1.2190542794e+01 2.4905499245e+00 9.9158160676e+02 -2.0258191451e+02 -3.8063349869e+28 -1.2933631736e+11 -1.4386345267e+16 7.2000000000e+03
1.3550766347e+07 5.9245604068e+04 4.6680586348e+06 -4.8190515927e+06 -3.7970098559e+08 -1.2441351998e+01 1.5790192560e-01 1.0119824861e+03 -1.2843779816e+01 -3.8063349869e+28 -1.4058763207e+11 -1.4386347040e+16 6.3959359229e+03
1.3615684358e+07 -7.4528310839e+05 4.6085610071e+06 6.0621502354e+07 -3.7486143463e+08 -1.2282778385e+01 -1.9863352440e+00 9.9908407131e+02 1.6156897389e+02 -3.8063349869e+28 -1.1710005881e+11 -1.4386345693e+16 7.2000000000e+03
1.3687684358e+07 -1.6105455790e+06 4.3818288906e+06 1.3100215441e+08 -3.5641899117e+08 -1.1678489906e+01 -4.2924405726e+00 9.4993110488e+02 3.4914812157e+02 -3.8063349869e+28 -9.9201527649e+10 -1.4386334398e+16 7.2000000000e+03
1.3759684358e+07 -2.4166835535e+06 3.9942361123e+06 1.9657360611e+08 -3.2489210379e+08 -1.0645474143e+01 -6.4409667618e+00 8.6590536073e+02 5.2390974512e+02 -3.8063349869e+28 -1.0212973560e+11 -1.4386328087e+16 7.2000000000e+03
1.3831684358e+07 -3.1341030221e+06 3.4600115324e+06 2.5492867376e+08 -2.8143815133e+08 -9.2216539826e+00 -8.3530395901e+00 7.5009149529e+02 6.7943819692e+02 -3.8063349869e+28 -7.9785972309e+10 -1.4386333275e+16 7.2000000000e+03
1.3903684358e+07 -3.7364669068e+06 2.7987669891e+06 3.0392509326e+08 -2.2765236528e+08 -7.4592990713e+00 -9.9584652400e+00 6.0674113394e+02 8.1002389538e+02 -3.8063349870e+28 -8.6600527593e+10 -1.4386340487e+16 7.2000000000e+03
1.3975684358e+07 -4.2016619178e+06 2.0347773311e+06 3.4176416443e+08 -1.6550926753e+08 -5.4231069552e+00 -1.1198307172e+01 4.4111679020e+02 9.1087292861e+02 -3.8063349870e+28 -1.1827326689e+11 -1.4386338298e+16 7.2000000000e+03
1.4047684358e+07 -4.5126103510e+06 1.1960892677e+06 3.6705678284e+08 -9.7290183996e+07 -3.1878279765e+00 -1.2027049737e+01 2.5929867442e+02 9.7828304294e+02 -3.8063349870e+28 -1.1171691764e+11 -1.4386362154e+16 7.2000000000e+03
1.4119684358e+07 -4.6578970254e+06 3.1349175016e+05 3.7887443497e+08 -2.5499495166e+07 -8.3552112514e-01 -1.2414269089e+01 6.7961484055e+01 1.0097795558e+03 -3.8063349870e+28 -1.1440925336e+11 -1.4386357196e+16 7.2000000000e+03
1.4183455148e+07 -4.6438075996e+06 -4.7888705117e+05 3.7772839777e+08 3.8952782152e+07 1.2763339913e+00 -1.2376717825e+01 -1.0381730586e+02 1.0067251272e+03 -3.8063349870e+28 -1.1598857200e+11 -1.4386323598e+16 7.2000000000e+03
1.4255455148e+07 -4.4672354463e+06 -1.3557615407e+06 3.6336597746e+08 1.1027795854e+08 3.6133877769e+00 -1.1906116132e+01 -2.9391380828e+02 9.6844627521e+02 -3.8063349870e+28 -1.2182652613e+11 -1.4386314977e+16 7.2000000000e+03
1.4327455148e+07 -4.1266672855e+06 -2.1828648738e+06 3.3566408347e+08 1.7755473740e+08 5.8177910281e+00 -1.0998430803e+01 -4.7322048515e+02 8.9461493790e+02 -3.8063349870e+28 -1.1884529783e+11 -1.4386305414e+16 7.2000000000e+03
1.4399455148e+07 -3.6346056635e+06 -2.9298333845e+06 2.9563967587e+08 2.3831333104e+08 7.8086182291e+00 -9.6869837371e+00 -6.3515483607e+02 7.8794152634e+02 -3.8063349870e+28 -1.1593198924e+11 -1.4386315477e+16 7.2000000000e+03
1.4471455148e+07 -3.0091145806e+06 -3.5692452243e+06 2.4476208465e+08 2.9032323987e+08 9.5127844224e+00 -8.0199192702e+00 -7.7377211346e+02 6.5234211206e+02 -3.8063349870e+28 -1.3741539165e+11 -1.4386330255e+16 7.2000000000e+03
1.4543455148e+07 -2.2731563456e+06 -4.0776270415e+06 1.8489906940e+08 3.3167513597e+08 1.0867728219e+01 -6.0584367548e+00 -8.8398355934e+02 4.9279466474e+02 -3.8063349870e+28 -1.3482166800e+11 -1.4386331038e+16 7.2000000000e+03
1.4615455148e+07 -1.4537486104e+06 -4.4363157077e+06 1.1824825226e+08 3.6085095609e+08 1.1823708483e+01 -3.8745438801e+00 -9.6174321790e+02 3.1515630669e+02 -3.8063349870e+28 -1.3233833687e+11 -1.4386328104e+16 7.2000000000e+03
1.4687455148e+07 -5.8097252912e+05 -4.6321434574e+06 4.7256441343e+07 3.7677963111e+08 1.2345630364e+01 -1.5484132084e+00 -1.0041964660e+03 1.2594829292e+02 -3.8063349870e+28 -1.2624725304e+11 -1.4386325384e+16 7.2000000000e+03
1.4751225930e+07 2.1090417008e+05 -4.6636682469e+06 -1.7154994881e+07 3.7934386487e+08 1.2429650517e+01 5.6210370155e-01 -1.0110306850e+03 -4.5721646964e+01 -3.8063349870e+28 -1.2783422733e+11 -1.4386325933e+16 7.2000000000e+03
1.4823225930e+07 1.0964854053e+06 -4.5378410977e+06 -8.9188380017e+07 3.6910905506e+08 1.2094294866e+01 2.9223627849e+00 -9.8375277770e+02 -2.3770567374e+02 -3.8063349870e+28 -1.2089158409e+11 -1.4386326046e+16 7.2000000000e+03
1.4895225930e+07 1.9418137298e+06 -4.2454259486e+06 -1.5794758396e+08 3.4532393831e+08 1.1314947377e+01 5.1753394482e+00 -9.2036047037e+02 -4.2096332333e+02 -3.8063349870e+28 -1.0937293109e+11 -1.4386324117e+16 7.2000000000e+03
1.4967225930e+07 2.7158564227e+06 -3.7971576081e+06 -2.2090839794e+08 3.0886168647e+08 1.0120218559e+01 7.2383250044e+00 -8.2318094840e+02 -5.8876705176e+02 -3.8063349870e+28 -1.2570046864e+11 -1.4386314386e+16 7.2000000000e+03
1.5039225930e+07 3.3901977194e+06 -3.2094923878e+06 -2.7575947699e+08 2.6106085976e+08 8.5539679206e+00 9.0355855013e+00 -6.9578175459e+02 -7.3495664163e+02 -3.8063349870e+28 -1.5779589148e+11 -1.4386293290e+16 7.2000000000e+03
1.5111225930e+07 3.9400819779e+06 -2.5040039770e+06 -3.2048719140e+08 2.0367626714e+08 6.6736938543e+00 1.0501141980e+01 -5.4283982155e+02 -8.5416534890e+02 -3.8063349870e+28 -1.3260797406e+11 -1.4386290045e+16 7.2000000000e+03
1.5183225930e+07 4.3453224802e+06 -1.7065914546e+06 -3.5344954879e+08 1.3881454574e+08 4.5484228178e+00 1.1581192616e+01 -3.6996977755e+02 -9.4201692068e+02 -3.8063349870e+28 -1.3533701598e+11 -1.4386268234e+16 7.2000000000e+03
1.5255225930e+07 4.5910425031e+06 -8.4652851160e+05 -3.7343647301e+08 6.8856824459e+07 2.2561753161e+00 1.2236087834e+01 -1.8351782876e+02 -9.9528625113e+02 -3.8063349870e+28 -1.2601910754e+11 -1.4386284631e+16 7.2000000000e+03
1.5322779546e+07 4.6684223230e+06 -1.0711594589e+04 -3.7973056570e+08 8.7128061087e+05 2.8548541142e-02 1.2442321227e+01 -2.3221450245e+00 -1.0120613236e+03 -3.8063349870e+28 -1.3074391923e+11 -1.4386267395e+16 4.5426615298e+03
1.5390996717e+07 4.5934118025e+06 8.3357643680e+05 -3.7362919238e+08 -6.7803305666e+07 -2.2216555241e+00 1.2242402512e+01 1.8070998080e+02 -9.9579988853e+02 -3.8063349870e+28 -1.3066104153e+11 -1.4386246972e+16 7.2000000000e+03
1.5462996717e+07 4.3501184894e+06 1.6943289909e+06 -3.5383965731e+08 -1.3781712008e+08 -4.5157409836e+00 1.1593974983e+01 3.6731142950e+02 -9.4305664141e+02 -3.8063349870e+28 -1.3822310610e+11 -1.4386277987e+16 7.2000000000e+03
1.5534996717e+07 3.9471286314e+06 2.4928812872e+06 -3.2106036785e+08 -2.0277155095e+08 -6.6440497557e+00 1.0519922784e+01 5.4042856362e+02 -8.5569298393e+02 -3.8063349870e+28 -1.2201101921e+11 -1.4386275902e+16 7.2000000000e+03
1.5606996717e+07 3.3992363285e+06 3.1999177925e+06 -2.7649467957e+08 -2.6028206594e+08 -8.5284498177e+00 9.0596752838e+00 6.9370610612e+02 -7.3691611018e+02 -3.8063349870e+28 -1.1213086419e+11 -1.4386275950e+16 7.2000000000e+03
1.5678996717e+07 2.7265551724e+06 3.7894825963e+06 -2.2177863675e+08 -3.0823740521e+08 -1.0099763243e+01 7.2668394084e+00 8.2151710820e+02 -5.9108642007e+02 -3.8063349870e+28 -1.0097032403e+11 -1.4386274385e+16 7.2000000000e+03
1.5750996717e+07 1.9537798599e+06 4.2399322738e+06 -1.5892091179e+08 -3.4487708752e+08 -1.1300305780e+01 5.2072316859e+00 9.1916951943e+02 -4.2355744542e+02 -3.8063349870e+28 -1.0282940535e+11 -1.4386256419e+16 7.2000000000e+03
1.5822996717e+07 1.1092796290e+06 4.5347304346e+06 -9.0229065169e+07 -3.6885603900e+08 -1.2086004493e+01 2.9564620651e+00 9.8307843684e+02 -2.4047931718e+02 -3.8063349870e+28 -1.0101024959e+11 -1.4386263400e+16 7.2000000000e+03
1.5894996717e+07 2.2405680055e+05 4.6630547880e+06 -1.8224832925e+07 -3.7929397198e+08 -1.2428015716e+01 5.9715821068e-01 1.0108977098e+03 -4.8572988948e+01 -3.8063349870e+28 -9.4187290040e+10 -1.4386264774e+16 7.2000000000e+03
1.5958767506e+07 -5.6790574521e+05 4.6337635327e+06 4.6193586079e+07 -3.7691141443e+08 -1.2349948398e+01 -1.5135874983e+00 1.0045476959e+03 1.2311556150e+02 -3.8063349870e+28 -1.1408743660e+11 -1.4386262484e+16 7.2000000000e+03
1.6030767506e+07 -1.4412306668e+06 4.4403981351e+06 1.1723003979e+08 -3.6118302769e+08 -1.1834589199e+01 -3.8411809441e+00 9.6262825795e+02 3.1244255766e+02 -3.8063349870e+28 -8.3734159898e+10 -1.4386261137e+16 7.2000000000e+03
1.6102767506e+07 -2.2616467865e+06 4.0840219488e+06 1.8396287917e+08 -3.3219530523e+08 -1.0884772179e+01 -6.0277613746e+00 8.8536991896e+02 4.9029952213e+02 -3.8063349870e+28 -7.8685166243e+10 -1.4386273632e+16 7.2000000000e+03
1.6174767506e+07 -2.9990359318e+06 3.5777178463e+06 2.4394228500e+08 -2.9101241094e+08 -9.5353659255e+00 -7.9930575650e+00 7.7560889822e+02 6.5015717466e+02 -3.8063349870e+28 -7.5700294281e+10 -1.4386279177e+16 7.2000000000e+03
1.6246767506e+07 -3.6263279208e+06 2.9400726815e+06 2.9496636234e+08 -2.3914620386e+08 -7.8359082901e+00 -9.6649218229e+00 6.3737461603e+02 7.8614700506e+02 -3.8063349870e+28 -3.4087253274e+10 -1.4386265809e+16 7.2000000000e+03
1.6318767506e+07 -4.1204943317e+06 2.1944949497e+06 3.3516197397e+08 -1.7850073651e+08 -5.8487878057e+00 -1.0981978591e+01 4.7574177030e+02 8.9327671115e+02 -3.8063349870e+28 -4.2848280109e+10 -1.4386258610e+16 7.2000000000e+03
1.6390767506e+07 -4.4633938960e+06 1.3683554430e+06 3.6305350485e+08 -1.1130235550e+08 -3.6469533530e+00 -1.1895877598e+01 2.9664404010e+02 9.6761347043e+02 -3.8063349870e+28 -4.3130650312e+10 -1.4386277778e+16 7.2000000000e+03
1.6462767506e+07 -4.6424384792e+06 4.9198244418e+05 3.7761703320e+08 -4.0017970492e+07 -1.3112361451e+00 -1.2373068833e+01 1.0665625522e+02 1.0064283173e+03 -3.8063349870e+28 -4.3237397839e+10 -1.4386303199e+16 7.2000000000e+03
1.6526538293e+07 -4.6587626729e+06 -3.0035342218e+05 3.7894484694e+08 2.4430814485e+07 8.0050454071e-01 -1.2416576221e+01 -6.5113226875e+01 1.0099672185e+03 -3.8063349870e+28 -4.1861478786e+10 -1.4386297836e+16 7.2000000000e+03
1.6598538293e+07 -4.5159658585e+06 -1.1833571965e+06 3.6732972060e+08 9.6254548338e+07 3.1538941515e+00 -1.2035992866e+01 -2.5653848914e+02 9.7901047914e+02 -3.8063349870e+28 -4.5021633482e+10 -1.4386289888e+16 7.2000000000e+03
1.6670538293e+07 -4.2073841016e+06 -2.0229189245e+06 3.4222960821e+08 1.6454469596e+08 5.3915016290e+00 -1.1213557988e+01 -4.3854600556e+02 9.1211343357e+02 -3.8063349870e+28 -4.4413551767e+10 -1.4386296476e+16 7.2000000000e+03
1.6742538293e+07 -3.7443457008e+06 -2.7882175820e+06 3.0456595621e+08 2.2679426803e+08 7.4311825023e+00 -9.9794638729e+00 -6.0445412563e+02 8.1173192910e+02 -3.8063349870e+28 -5.6757890514e+10 -1.4386284034e+16 7.2000000000e+03
1.6814538293e+07 -3.1438491890e+06 -3.4511584052e+06 2.5572142926e+08 2.8071802988e+08 9.1980583540e+00 -8.3790151621e+00 -7.4817222133e+02 6.8155105603e+02 -3.8063349870e+28 -3.3701410452e+10 -1.4386268804e+16 7.2000000000e+03
1.6886538293e+07 -2.4279393032e+06 -3.9874042734e+06 1.9748915144e+08 3.2433639441e+08 1.0627265671e+01 -6.4709656875e+00 -8.6442427930e+02 5.2634986477e+02 -3.8063349870e+28 -5.9886534299e+09 -1.4386273722e+16 7.2000000000e+03
1.6958538293e+07 -1.6228977035e+06 -4.3772691453e+06 1.3200687911e+08 3.5604809441e+08 1.1666337038e+01 -4.3253615661e+00 -9.4894258773e+02 3.5182592289e+02 -3.8063349870e+28 8.6777635877e+09 -1.4386280262e+16 7.2000000000e+03
1.7030538293e+07 -7.5827815061e+05 -4.6064407503e+06 6.1678522133e+07 3.7468896644e+08 1.2277127263e+01 -2.0209697476e+00 -9.9862440774e+02 1.6438615252e+02 -3.8063349870e+28 1.6766332895e+10 -1.4386281136e+16 7.2000000000e+03
1.7095434566e+07 4.5809102534e+04 -4.6682098995e+06 -3.7261234102e+06 3.7971328349e+08 1.2441754956e+01 1.2209084075e-01 -1.0120152628e+03 -9.9308977849e+00 -3.8063349870e+28 1.5533064026e+10 -1.4386279307e+16 6.0745107198e+03
1.7166309077e+07 9.2156289867e+05 -4.5765712002e+06 -7.4960142349e+07 3.7225937021e+08 1.2197518669e+01 2.4561577450e+00 -9.9214902604e+02 -1.9978444657e+02 -3.8063349870e+28 1.9471512498e+10 -1.4386278283e+16 7.2000000000e+03
1.7238309077e+07 1.7774885848e+06 -4.3168062768e+06 -1.4458133818e+08 3.5113003047e+08 1.1505190856e+01 4.7373785920e+00 -9.3583491950e+02 -3.8533948469e+02 -3.8063349870e+28 2.7104717332e+10 -1.4386274248e+16 7.2000000000e+03
1.7310309077e+07 2.5681611550e+06 -3.8985677297e+06 -2.0889483027e+08 3.1711040905e+08 1.0390497713e+01 6.8446862469e+00 -8.4516551815e+02 -5.5674838302e+02 -3.8063349870e+28 2.3839985240e+10 -1.4386264382e+16 7.2000000000e+03
1.7382309077e+07 3.2645543477e+06 -3.3372094512e+06 -2.6553961570e+08 2.7144939516e+08 8.8943605736e+00 8.7007196558e+00 -7.2346937272e+02 -7.0771857530e+02 -3.8063349870e+28 1.4764713802e+10 -1.4386285742e+16 7.2000000000e+03
1.7454309077e+07 3.8411029772e+06 -2.6533393806e+06 -3.1243621629e+08 2.1582324340e+08 7.0717039023e+00 1.0237342256e+01 -5.7521405209e+02 -8.3270781755e+02 -3.8063349870e+28 3.2690177914e+10 -1.4386287775e+16 7.2000000000e+03
1.7526309077e+07 4.2766414535e+06 -1.8720629691e+06 -3.4786301799e+08 1.5227403704e+08 4.9894389738e+00 1.1398143325e+01 -4.0584213500e+02 -9.2712764850e+02 -3.8063349870e+28 2.7067611147e+10 -1.4386257080e+16 7.2000000000e+03
1.7598309077e+07 4.5551807893e+06 -1.0220615374e+06 -3.7051947282e+08 8.3134721440e+07 2.7240075024e+00 1.2140508872e+01 -2.2157140840e+02 -9.8751183596e+02 -3.8063349870e+28 2.9063491540e+10 -1.4386245989e+16 7.2000000000e+03
1.7670309077e+07 4.6664955690e+06 -1.3453935998e+05 -3.7957384307e+08 1.0943459597e+07 3.5857540175e-01 1.2437186025e+01 -2.9166607181e+01 -1.0116436251e+03 -3.8063349870e+28 3.3397153037e+10 -1.4386240381e+16 7.2000000000e+03
1.7734079863e+07 4.6220132733e+06 6.5671528797e+05 -3.7595564272e+08 -5.3417378846e+07 -1.7502836124e+00 1.2318631410e+01 1.4236847907e+02 -1.0020003649e+03 -3.8063349870e+28 3.4118289347e+10 -1.4386224673e+16 7.2000000000e+03
1.7806079863e+07 4.4119258370e+06 1.5261690617e+06 -3.5886708143e+08 -1.2413895250e+08 -4.0675596408e+00 1.1758704482e+01 3.3085625409e+02 -9.5645577749e+02 -3.8063349870e+28 3.1131086846e+10 -1.4386207883e+16 7.2000000000e+03
1.7878079863e+07 4.0398728554e+06 2.3395958713e+06 -3.2860420476e+08 -1.9030327976e+08 -6.2355120997e+00 1.0767105525e+01 5.0719801498e+02 -8.7579888602e+02 -3.8063349870e+28 3.3754984811e+10 -1.4386208848e+16 7.2000000000e+03
1.7950079863e+07 3.5195127097e+06 3.0671341275e+06 -2.8627798860e+08 -2.4948141198e+08 -8.1745536128e+00 9.3802369785e+00 6.6492010591e+02 -7.6299067352e+02 -3.8063349870e+28 2.0274088995e+10 -1.4386206077e+16 7.2000000000e+03
1.8022079863e+07 2.8699482628e+06 3.6820752831e+06 -2.3344226431e+08 -2.9950086965e+08 -9.8135003191e+00 7.6490119644e+00 7.9823241495e+02 -6.2217242530e+02 -3.8063349870e+28 2.5238213785e+10 -1.4386221458e+16 7.2000000000e+03
1.8094079863e+07 2.1150255772e+06 4.1618443258e+06 -1.7203667621e+08 -3.3852539600e+08 -1.1092185093e+01 5.6369852239e+00 9.0224093400e+02 -4.5851369888e+02 -3.8063349870e+28 2.5266892597e+10 -1.4386204700e+16 7.2000000000e+03
1.8166079863e+07 1.2824585060e+06 4.4888285267e+06 -1.0431547559e+08 -3.6512236751e+08 -1.1963666330e+01 3.4180199677e+00 9.7312742198e+02 -2.7802254511e+02 -3.8063349870e+28 4.4782473384e+10 -1.4386202152e+16 7.2000000000e+03
1.8238079863e+07 4.0281129357e+05 4.6510240178e+06 -3.2764765264e+07 -3.7831538677e+08 -1.2395951214e+01 1.0735762953e+00 1.0082895757e+03 -8.7324947562e+01 -3.8063349870e+28 4.1898670648e+10 -1.4386192833e+16 7.2000000000e+03
1.8301850651e+07 -3.8969194569e+05 4.6521416084e+06 3.1697633877e+07 -3.7840629187e+08 -1.2398929826e+01 -1.0386104750e+00 1.0085318568e+03 8.4480819150e+01 -3.8063349870e+28 2.2017826826e+10 -1.4386193850e+16 7.2000000000e+03
1.8373850651e+07 -1.2697931158e+06 4.4924277201e+06 1.0328526923e+08 -3.6541512679e+08 -1.1973258933e+01 -3.3842640392e+00 9.7390768657e+02 2.7527682958e+02 -3.8063349871e+28 3.5659502761e+10 -1.4386192623e+16 7.2000000000e+03
1.8445850651e+07 -2.1032791021e+06 4.1677929926e+06 1.7108121462e+08 -3.3900926201e+08 -1.1108039534e+01 -5.6056783959e+00 9.0353053796e+02 4.5596719376e+02 -3.8063349871e+28 1.3961617329e+10 -1.4386190599e+16 7.2000000000e+03
1.8517850651e+07 -2.8595519262e+06 3.6901550426e+06 2.3259662330e+08 -3.0015807928e+08 -9.8350345686e+00 -7.6213035372e+00 7.9998401585e+02 6.1991861495e+02 -3.8063349871e+28 4.1498421740e+10 -1.4386183604e+16 7.2000000000e+03
1.8589850651e+07 -3.5108481703e+06 3.0770483650e+06 2.8557321237e+08 -2.5028783850e+08 -8.2009771303e+00 -9.3571441521e+00 6.6706940101e+02 7.6111229722e+02 -3.8063349871e+28 4.4573784641e+10 -1.4386197007e+16 7.2000000000e+03
1.8661850651e+07 -4.0332581961e+06 2.3509806266e+06 3.2806616626e+08 -1.9122931858e+08 -6.2658548558e+00 -1.0749476057e+01 5.0966610186e+02 8.7436490056e+02 -3.8063349871e+28 2.3947403964e+10 -1.4386199085e+16 7.2000000000e+03
1.8733850651e+07 -4.4076038878e+06 1.5386063908e+06 3.5851553251e+08 -1.2515060795e+08 -4.1007077274e+00 -1.1747185566e+01 3.3355252721e+02 9.5551882571e+02 -3.8063349871e+28 1.2747255933e+10 -1.4386213233e+16 7.2000000000e+03
1.8805850651e+07 -4.6201426970e+06 6.6974860596e+05 3.7580348905e+08 -5.4477512195e+07 -1.7850201352e+00 -1.2313645914e+01 1.4519395597e+02 1.0015948432e+03 -3.8063349871e+28 4.4195639003e+09 -1.4386188843e+16 7.2000000000e+03
1.8869621434e+07 -4.6668564722e+06 -1.2137740650e+05 3.7960319847e+08 9.8728629823e+06 3.2349603715e-01 -1.2438147888e+01 -2.6313243446e+01 1.0117218629e+03 -3.8063349871e+28 6.5234743895e+09 -1.4386211121e+16 7.2000000000e+03
1.8941621434e+07 -4.5580453100e+06 -1.0092100071e+06 3.7075247304e+08 8.2089374695e+07 2.6897554792e+00 -1.2148143399e+01 -2.1878534080e+02 9.8813282980e+02 -3.8063349871e+28 2.6265398362e+09 -1.4386197647e+16 7.2000000000e+03
1.9013621434e+07 -4.2819044330e+06 -1.8599936528e+06 3.4829110942e+08 1.5129231574e+08 4.9572717129e+00 -1.1412170247e+01 -4.0322564246e+02 9.2826860119e+02 -3.8063349871e+28 4.2877055829e+09 -1.4386207325e+16 7.2000000000e+03
1.9085621434e+07 -3.8485712073e+06 -2.6424953534e+06 3.1304368332e+08 2.1494118736e+08 7.0428022915e+00 -1.0257246632e+01 -5.7286318830e+02 8.3432684376e+02 -3.8063349871e+28 1.9820439583e+10 -1.4386213185e+16 7.2000000000e+03
1.9157621434e+07 -3.2739536637e+06 -3.3279888066e+06 2.6630415771e+08 2.7069938542e+08 8.8697856158e+00 -8.7257707799e+00 -7.2147043990e+02 7.0975623921e+02 -3.8063349871e+28 3.1069973192e+09 -1.4386201639e+16 7.2000000000e+03
1.9229621434e+07 -2.5791465004e+06 -3.8913089656e+06 2.0978838028e+08 3.1651997910e+08 1.0371151576e+01 -6.8739644713e+00 -8.4359189885e+02 5.5912988025e+02 -3.8063349871e+28 -1.1138705885e+10 -1.4386219658e+16 7.2000000000e+03
1.9301621434e+07 -1.7896566785e+06 -4.3117758688e+06 1.4557109321e+08 3.5072085550e+08 1.1491783753e+01 -4.7698090881e+00 -9.3474438265e+02 3.8797738845e+02 -3.8063349871e+28 -7.8824837120e+09 -1.4386217086e+16 7.2000000000e+03
1.9373621434e+07 -9.3446703981e+05 -4.5739538192e+06 7.6009767656e+07 3.7204647139e+08 1.2190542787e+01 -2.4905499618e+00 -9.9158160619e+02 2.0258191715e+02 -3.8063349871e+28 -1.1506876177e+10 -1.4386223729e+16 7.2000000000e+03
1.9444474208e+07 -5.9245618084e+04 -4.6680587131e+06 4.8190521759e+06 3.7970098549e+08 1.2441351998e+01 -1.5790194669e-01 -1.0119824861e+03 1.2843781140e+01 -3.8063349871e+28 -1.1562025700e+10 -1.4386221129e+16 6.3959355133e+03
1.9509392220e+07 7.4528310592e+05 -4.6085610849e+06 -6.0621502710e+07 3.7486143447e+08 1.2282778383e+01 1.9863352538e+00 -9.9908407117e+02 -1.6156897508e+02 -3.8063349871e+28 -1.7670049901e+10 -1.4386220584e+16 7.2000000000e+03
1.9581392220e+07 1.6105455763e+06 -4.3818289677e+06 -1.3100215475e+08 3.5641899092e+08 1.1678489902e+01 4.2924405823e+00 -9.4993110456e+02 -3.4914812275e+02 -3.8063349871e+28 -1.7327814775e+10 -1.4386209565e+16 7.2000000000e+03
1.9653392220e+07 2.4166835504e+06 -3.9942361887e+06 -1.9657360642e+08 3.2489210346e+08 1.0645474137e+01 6.4409667710e+00 -8.6590536021e+02 -5.2390974627e+02 -3.8063349871e+28 -9.9783090799e+09 -1.4386207918e+16 7.2000000000e+03
1.9725392220e+07 3.1341030185e+06 -3.4600116082e+06 -2.5492867403e+08 2.8143815092e+08 9.2216539736e+00 8.3530395985e+00 -7.5009149456e+02 -6.7943819799e+02 -3.8063349871e+28 -3.3848354970e+10 -1.4386185995e+16 7.2000000000e+03
1.9797392220e+07 3.7364669025e+06 -2.7987670643e+06 -3.0392509346e+08 2.2765236479e+08 7.4592990598e+00 9.9584652471e+00 -6.0674113300e+02 -8.1002389635e+02 -3.8063349871e+28 -4.2882477175e+10 -1.4386176141e+16 7.2000000000e+03
1.9869392220e+07 4.2016619125e+06 -2.0347774059e+06 -3.4176416456e+08 1.6550926698e+08 5.4231069412e+00 1.1198307178e+01 -4.4111678906e+02 -9.1087292943e+02 -3.8063349871e+28 -5.5243366056e+10 -1.4386150743e+16 7.2000000000e+03
1.9941392220e+07 4.5126103447e+06 -1.1960893422e+06 -3.6705678288e+08 9.7290183394e+07 3.1878279603e+00 1.2027049739e+01 -2.5929867310e+02 -9.7828304356e+02 -3.8063349871e+28 -4.3947014091e+10 -1.4386143723e+16 7.2000000000e+03
2.0013392220e+07 4.6578970178e+06 -3.1349182455e+05 -3.7887443490e+08 2.5499494529e+07 8.3552110710e-01 1.2414269089e+01 -6.7961482588e+01 -1.0097795562e+03 -3.8063349871e+28 -4.6514948228e+10 -1.4386138308e+16 7.2000000000e+03
2.0077163005e+07 4.6438075971e+06 4.7888691528e+05 -3.7772839813e+08 -3.8952777811e+07 -1.2763338468e+00 1.2376717838e+01 1.0381729411e+02 -1.0067251286e+03 -3.8063349871e+28 -4.6236712438e+10 -1.4386165241e+16 7.2000000000e+03
2.0149163005e+07 4.4672354540e+06 1.3557614068e+06 -3.6336597864e+08 -1.1027795439e+08 -3.6133876392e+00 1.1906116172e+01 2.9391379707e+02 -9.6844627888e+02 -3.8063349871e+28 -5.3645704773e+10 -1.4386162913e+16 7.2000000000e+03
2.0221163005e+07 4.1266673027e+06 2.1828647437e+06 -3.3566408543e+08 -1.7755473359e+08 -5.8177909020e+00 1.0998430868e+01 4.7322047489e+02 -8.9461494360e+02 -3.8063349871e+28 -4.2591098154e+10 -1.4386167797e+16 7.2000000000e+03
2.0293163005e+07 3.6346056893e+06 2.9298332599e+06 -2.9563967852e+08 -2.3831332770e+08 -7.8086181189e+00 9.6869838245e+00 6.3515482711e+02 -7.8794153384e+02 -3.8063349871e+28 -3.5763294615e+10 -1.4386167868e+16 7.2000000000e+03
2.0365163005e+07 3.0091146136e+06 3.5692451067e+06 -2.4476208789e+08 -2.9032323713e+08 -9.5127843318e+00 8.0199193763e+00 7.7377210610e+02 -6.5234212108e+02 -3.8063349871e+28 -5.5020164740e+10 -1.4386177735e+16 7.2000000000e+03
2.0437163005e+07 2.2731563844e+06 4.0776269320e+06 -1.8489907311e+08 -3.3167513392e+08 -1.0867728152e+01 6.0584368755e+00 8.8398355381e+02 -4.9279467495e+02 -3.8063349871e+28 -5.4116694292e+10 -1.4386189691e+16 7.2000000000e+03
2.0509163005e+07 1.4537486532e+06 4.4363156073e+06 -1.1824825630e+08 -3.6085095481e+08 -1.1823708439e+01 3.8745440109e+00 9.6174321439e+02 -3.1515631773e+02 -3.8063349871e+28 -5.0811200102e+10 -1.4386197587e+16 7.2000000000e+03
2.0581163005e+07 5.8097257407e+05 4.6321433666e+06 -4.7256445557e+07 -3.7677963064e+08 -1.2345630347e+01 1.5484133446e+00 1.0041964646e+03 -1.2594830439e+02 -3.8063349871e+28 -4.9544798125e+10 -1.4386191585e+16 7.2000000000e+03
2.0644933794e+07 -2.1090420597e+05 4.6636681613e+06 1.7154997244e+07 -3.7934386483e+08 -1.2429650514e+01 -5.6210378096e-01 1.0110306847e+03 4.5721653031e+01 -3.8063349871e+28 -7.2610596941e+10 -1.4386192023e+16 7.2000000000e+03
2.0716933794e+07 -1.0964854404e+06 4.5378410064e+06 8.9188382317e+07 -3.6910905459e+08 -1.2094294848e+01 -2.9223628622e+00 9.8375277624e+02 2.3770567963e+02 -3.8063349871e+28 -7.4830837918e+10 -1.4386186705e+16 7.2000000000e+03
2.0788933794e+07 -1.9418137631e+06 4.2454258519e+06 1.5794758612e+08 -3.4532393744e+08 -1.1314947345e+01 -5.1753395205e+00 9.2036046777e+02 4.2096332882e+02 -3.8063349871e+28 -9.3465224784e+10 -1.4386182168e+16 7.2000000000e+03
2.0860933794e+07 -2.7158564533e+06 3.7971575064e+06 2.2090839987e+08 -3.0886168522e+08 -1.0120218514e+01 -7.2383250689e+00 8.2318094477e+02 5.8876705662e+02 -3.8063349871e+28 -8.3544017740e+10 -1.4386164013e+16 7.2000000000e+03
2.0932933794e+07 -3.3901977463e+06 3.2094922818e+06 2.7575947862e+08 -2.6106085819e+08 -8.5539678653e+00 -9.0355855558e+00 6.9578175009e+02 7.3495664567e+02 -3.8063349871e+28 -8.1306586057e+10 -1.4386188709e+16 7.2000000000e+03
2.1004933794e+07 -3.9400820006e+06 2.5040038675e+06 3.2048719269e+08 -2.0367626531e+08 -6.6736937906e+00 -1.0501142022e+01 5.4283981637e+02 8.5416535197e+02 -3.8063349871e+28 -1.0004434887e+11 -1.4386175603e+16 7.2000000000e+03
2.1076933794e+07 -4.3453224980e+06 1.7065913425e+06 3.5344954968e+08 -1.3881454373e+08 -4.5484227484e+00 -1.1581192645e+01 3.6996977190e+02 9.4201692267e+02 -3.8063349871e+28 -1.0061794089e+11 -1.4386204477e+16 7.2000000000e+03
2.1148933794e+07 -4.5910425158e+06 8.4652839793e+05 3.7343647349e+08 -6.8856822346e+07 -2.2561752436e+00 -1.2236087849e+01 1.8351782287e+02 9.9528625199e+02 -3.8063349871e+28 -1.0538141326e+11 -1.4386234644e+16 7.2000000000e+03
2.1216487414e+07 -4.6684223310e+06 1.0711421475e+04 3.7973056579e+08 -8.7127368936e+05 -2.8548311539e-02 -1.2442321229e+01 2.3221263485e+00 1.0120613235e+03 -3.8063349871e+28 -1.0684657676e+11 -1.4386217655e+16 4.5426546877e+03
2.1284704581e+07 -4.5934118060e+06 -8.3357654747e+05 3.7362919211e+08 6.7803307481e+07 2.2216555860e+00 -1.2242402503e+01 -1.8070998583e+02 9.9579988739e+02 -3.8063349871e+28 -1.0665929771e+11 -1.4386220742e+16 7.2000000000e+03
2.1356704581e+07 -4.3501184886e+06 -1.6943291005e+06 3.5383965668e+08 1.3781712178e+08 4.5157410413e+00 -1.1593974962e+01 -3.6731143420e+02 9.4305663935e+02 -3.8063349871e+28 -9.8842806878e+10 -1.4386215437e+16 7.2000000000e+03
2.1428704581e+07 -3.9471286266e+06 -2.4928813949e+06 3.2106036690e+08 2.0277155247e+08 6.6440498074e+00 -1.0519922753e+01 -5.4042856782e+02 8.5569298105e+02 -3.8063349871e+28 -9.6503509063e+10 -1.4386219334e+16 7.2000000000e+03
2.1500704581e+07 -3.3992363202e+06 -3.1999178978e+06 2.7649467834e+08 2.6028206723e+08 8.5284498616e+00 -9.0596752444e+00 -6.9370610969e+02 7.3691610658e+02 -3.8063349871e+28 -9.4342998985e+10 -1.4386209418e+16 7.2000000000e+03
2.1572704581e+07 -2.7265551613e+06 -3.7894826984e+06 2.2177863529e+08 3.0823740622e+08 1.0099763277e+01 -7.2668393620e+00 -8.2151711104e+02 5.9108641590e+02 -3.8063349871e+28 -7.0022433989e+10 -1.4386240508e+16 7.2000000000e+03
2.1644704581e+07 -1.9537798466e+06 -4.2399323723e+06 1.5892091016e+08 3.4487708821e+08 1.1300305805e+01 -5.2072316341e+00 -9.1916952146e+02 4.2355744081e+02 -3.8063349871e+28 -5.7837795786e+10 -1.4386234818e+16 7.2000000000e+03
2.1716704581e+07 -1.1092796143e+06 -4.5347305293e+06 9.0229063421e+07 3.6885603935e+08 1.2086004507e+01 -2.9564620098e+00 -9.8307843800e+02 2.4047931228e+02 -3.8063349871e+28 -7.2444593394e+10 -1.4386247872e+16 7.2000000000e+03
2.1788704581e+07 -2.2405678529e+05 -4.6630548786e+06 1.8224831126e+07 3.7929397197e+08 1.2428015719e+01 -5.9715815376e-01 -1.0108977100e+03 4.8572983926e+01 -3.8063349871e+28 -7.5266815413e+10 -1.4386243587e+16 7.2000000000e+03
2.1852475367e+07 5.6790572993e+05 -4.6337636235e+06 -4.6193585393e+07 3.7691141440e+08 1.2349948401e+01 1.5135874740e+00 -1.0045476962e+03 -1.2311555991e+02 -3.8063349871e+28 -7.0849913431e+10 -1.4386242532e+16 7.2000000000e+03
2.1924475367e+07 1.4412306519e+06 -4.4403982275e+06 -1.1723003914e+08 3.6118302778e+08 1.1834589206e+01 3.8411809210e+00 -9.6262825853e+02 -3.1244255618e+02 -3.8063349871e+28 -7.9074263351e+10 -1.4386244160e+16 7.2000000000e+03
2.1996475367e+07 2.2616467723e+06 -4.0840220428e+06 -1.8396287857e+08 3.3219530541e+08 1.0884772189e+01 6.0277613538e+00 -8.8536991983e+02 -4.9029952083e+02 -3.8063349871e+28 -9.6971881694e+10 -1.4386242008e+16 7.2000000000e+03
2.2068475367e+07 2.9990359184e+06 -3.5777179418e+06 -2.4394228446e+08 2.9101241121e+08 9.5353659392e+00 7.9930575472e+00 -7.7560889933e+02 -6.5015717361e+02 -3.8063349871e+28 -9.5576941087e+10 -1.4386230771e+16 7.2000000000e+03
2.2140475367e+07 3.6263279085e+06 -2.9400727780e+06 -2.9496636189e+08 2.3914620419e+08 7.8359083059e+00 9.6649218086e+00 -6.3737461731e+02 -7.8614700429e+02 -3.8063349871e+28 -8.6501235688e+10 -1.4386239033e+16 7.2000000000e+03
2.2212475367e+07 4.1204943206e+06 -2.1944950472e+06 -3.3516197362e+08 1.7850073689e+08 5.8487878226e+00 1.0981978581e+01 -4.7574177168e+02 -8.9327671069e+02 -3.8063349871e+28 -9.1186382017e+10 -1.4386242448e+16 7.2000000000e+03
2.2284475367e+07 4.4633938860e+06 -1.3683555411e+06 -3.6305350460e+08 1.1130235591e+08 3.6469533701e+00 1.1895877591e+01 -2.9664404149e+02 -9.6761347027e+02 -3.8063349871e+28 -9.2422865735e+10 -1.4386250902e+16 7.2000000000e+03
2.2356475367e+07 4.6424384705e+06 -4.9198254264e+05 -3.7761703304e+08 4.0017970894e+07 1.3112361616e+00 1.2373068830e+01 -1.0665625657e+02 -1.0064283174e+03 -3.8063349871e+28 -9.2756309293e+10 -1.4386241650e+16 7.2000000000e+03
2.2420246151e+07 4.6587626674e+06 3.0035328958e+05 -3.7894484705e+08 -2.4430811331e+07 -8.0050443462e-01 1.2416576227e+01 6.5113218245e+01 -1.0099672193e+03 -3.8063349871e+28 -9.2214704164e+10 -1.4386250885e+16 7.2000000000e+03
2.2492246151e+07 4.5159658605e+06 1.1833570651e+06 -3.6732972132e+08 -9.6254545302e+07 -3.1538940499e+00 1.2035992891e+01 2.5653848087e+02 -9.7901048157e+02 -3.8063349871e+28 -8.6635634616e+10 -1.4386236025e+16 7.2000000000e+03
2.2564246151e+07 4.2073841107e+06 2.0229187955e+06 -3.4222960950e+08 -1.6454469316e+08 -5.3915015355e+00 1.1213558032e+01 4.3854599796e+02 -9.1211343749e+02 -3.8063349871e+28 -8.6186057801e+10 -1.4386253941e+16 7.2000000000e+03
2.2636246151e+07 3.7443457162e+06 2.7882174567e+06 -3.0456595802e+08 -2.2679426556e+08 -7.4311824201e+00 9.9794639327e+00 6.0445411894e+02 -8.1173193436e+02 -3.8063349871e+28 -1.0261107064e+11 -1.4386277792e+16 7.2000000000e+03
2.2708246151e+07 3.1438492099e+06 3.4511582848e+06 -2.5572143151e+08 -2.8071802783e+08 -9.1980582857e+00 8.3790152357e+00 7.4817221577e+02 -6.8155106241e+02 -3.8063349871e+28 -1.0858879490e+11 -1.4386267499e+16 7.2000000000e+03
2.2780246151e+07 2.4279393284e+06 3.9874041587e+06 -1.9748915404e+08 -3.2433639285e+08 -1.0627265619e+01 6.4709657721e+00 8.6442427505e+02 -5.2634987205e+02 -3.8063349871e+28 -1.0589134523e+11 -1.4386250614e+16 7.2000000000e+03
2.2852246151e+07 1.6228977318e+06 4.3772690369e+06 -1.3200688198e+08 -3.5604809340e+08 -1.1666337003e+01 4.3253616585e+00 9.4894258492e+02 -3.5182593080e+02 -3.8063349872e+28 -1.0553785128e+11 -1.4386250061e+16 7.2000000000e+03
2.2924246151e+07 7.5827818077e+05 4.6064406488e+06 -6.1678525143e+07 -3.7468896601e+08 -1.2277127247e+01 2.0209698444e+00 9.9862440644e+02 -1.6438616079e+02 -3.8063349872e+28 -1.3113814446e+11 -1.4386249537e+16 7.2000000000e+03
2.2989142428e+07 -4.5809124404e+04 4.6682098038e+06 3.7261246322e+06 -3.7971328356e+08 -1.2441754956e+01 -1.2209088278e-01 1.0120152628e+03 9.9309008114e+00 -3.8063349872e+28 -1.2096049177e+11 -1.4386247273e+16 6.0745126303e+03
2.3060016941e+07 -9.2156294356e+05 4.5765710968e+06 7.4960145444e+07 -3.7225936968e+08 -1.2197518649e+01 -2.4561578484e+00 9.9214902440e+02 1.9978445459e+02 -3.8063349872e+28 -1.1637759271e+11 -1.4386243389e+16 7.2000000000e+03
2.3132016941e+07 -1.7774886275e+06 4.3168061662e+06 1.4458134110e+08 -3.5113002938e+08 -1.1505190816e+01 -4.7373786895e+00 9.3583491632e+02 3.8533949222e+02 -3.8063349872e+28 -1.1472101240e+11 -1.4386247756e+16 7.2000000000e+03
2.3204016941e+07 -2.5681611943e+06 3.8985676124e+06 2.0889483291e+08 -3.1711040745e+08 -1.0390497657e+01 -6.8446863349e+00 8.4516551356e+02 5.5674838978e+02 -3.8063349872e+28 -1.1440305381e+11 -1.4386272507e+16 7.2000000000e+03
2.3276016941e+07 -3.2645543824e+06 3.3372093280e+06 2.6553961797e+08 -2.7144939311e+08 -8.8943605021e+00 -8.7007197309e+00 7.2346936691e+02 7.0771858102e+02 -3.8063349872e+28 -9.9881406549e+10 -1.4386294014e+16 7.2000000000e+03
2.3348016941e+07 -3.8411030063e+06 2.6533392526e+06 3.1243621810e+08 -2.1582324097e+08 -7.0717038188e+00 -1.0237342315e+01 5.7521404530e+02 8.3270782202e+02 -3.8063349872e+28 -8.2811734106e+10 -1.4386301754e+16 7.2000000000e+03
2.3420016941e+07 -4.2766414763e+06 1.8720628374e+06 3.4786301928e+08 -1.5227403435e+08 -4.9894388816e+00 -1.1398143368e+01 4.0584212750e+02 9.2712765156e+02 -3.8063349872e+28 -7.5457069907e+10 -1.4386289177e+16 7.2000000000e+03
2.3492016941e+07 -4.5551808052e+06 1.0220614032e+06 3.7051947355e+08 -8.3134718580e+07 -2.7240074051e+00 -1.2140508895e+01 2.2157140048e+02 9.8751183750e+02 -3.8063349872e+28 -7.1567146513e+10 -1.4386299297e+16 7.2000000000e+03
2.3564016941e+07 -4.6664955777e+06 1.3453922481e+05 3.7957384323e+08 -1.0943456681e+07 -3.5857530297e-01 -1.2437186030e+01 2.9166599147e+01 1.0116436251e+03 -3.8063349872e+28 -6.5163097537e+10 -1.4386281773e+16 7.2000000000e+03
2.3574831500e+07 -4.6684346194e+06 -7.1515838709e-01 3.7973156533e+08 5.3551776133e+01 1.7565206453e-06 -1.2442353981e+01 -1.4287580167e-04 1.0120639875e+03 -3.8063349872e+28 -6.5274622633e+10 -1.4386282365e+16 7.0150710816e+02
